#! /usr/local/bin/vvp
:ivl_version "11.0 (devel)" "(s20150603-600-g9369d6db)";
:ivl_delay_selection "TYPICAL";
:vpi_time_precision - 12;
:vpi_module "system";
:vpi_module "vhdl_sys";
:vpi_module "vhdl_textio";
:vpi_module "v2005_math";
:vpi_module "va_math";
S_0x55ff758f60d0 .scope module, "BUF" "BUF" 2 2;
 .timescale -9 -12;
    .port_info 0 /INPUT 1 "A";
    .port_info 1 /OUTPUT 1 "Y";
o0x7fc805274018 .functor BUFZ 1, C4<z>; HiZ drive
L_0x55ff7580b9c0 .functor BUFZ 1, o0x7fc805274018, C4<0>, C4<0>, C4<0>;
v0x55ff75914a50_0 .net "A", 0 0, o0x7fc805274018;  0 drivers
v0x55ff759040f0_0 .net "Y", 0 0, L_0x55ff7580b9c0;  1 drivers
S_0x55ff758f62c0 .scope module, "DFF" "DFF" 2 26;
 .timescale -9 -12;
    .port_info 0 /INPUT 1 "C";
    .port_info 1 /INPUT 1 "D";
    .port_info 2 /OUTPUT 1 "Q";
o0x7fc8052740d8 .functor BUFZ 1, C4<z>; HiZ drive
v0x55ff758ff8a0_0 .net "C", 0 0, o0x7fc8052740d8;  0 drivers
o0x7fc805274108 .functor BUFZ 1, C4<z>; HiZ drive
v0x55ff758f9d10_0 .net "D", 0 0, o0x7fc805274108;  0 drivers
v0x55ff75921550_0 .var "Q", 0 0;
E_0x55ff758cd330 .event posedge, v0x55ff758ff8a0_0;
S_0x55ff758e70c0 .scope module, "DFFSR" "DFFSR" 2 33;
 .timescale -9 -12;
    .port_info 0 /INPUT 1 "C";
    .port_info 1 /INPUT 1 "D";
    .port_info 2 /OUTPUT 1 "Q";
    .port_info 3 /INPUT 1 "S";
    .port_info 4 /INPUT 1 "R";
o0x7fc8052741f8 .functor BUFZ 1, C4<z>; HiZ drive
v0x55ff7591cb00_0 .net "C", 0 0, o0x7fc8052741f8;  0 drivers
o0x7fc805274228 .functor BUFZ 1, C4<z>; HiZ drive
v0x55ff7591bb30_0 .net "D", 0 0, o0x7fc805274228;  0 drivers
v0x55ff7593b8f0_0 .var "Q", 0 0;
o0x7fc805274288 .functor BUFZ 1, C4<z>; HiZ drive
v0x55ff7593b990_0 .net "R", 0 0, o0x7fc805274288;  0 drivers
o0x7fc8052742b8 .functor BUFZ 1, C4<z>; HiZ drive
v0x55ff7593ba50_0 .net "S", 0 0, o0x7fc8052742b8;  0 drivers
E_0x55ff7582c800 .event posedge, v0x55ff7593b990_0, v0x55ff7593ba50_0, v0x55ff7591cb00_0;
S_0x55ff758e3910 .scope module, "NAND" "NAND" 2 14;
 .timescale -9 -12;
    .port_info 0 /INPUT 1 "A";
    .port_info 1 /INPUT 1 "B";
    .port_info 2 /OUTPUT 1 "Y";
o0x7fc8052743d8 .functor BUFZ 1, C4<z>; HiZ drive
o0x7fc805274408 .functor BUFZ 1, C4<z>; HiZ drive
L_0x55ff7580b8b0 .functor AND 1, o0x7fc8052743d8, o0x7fc805274408, C4<1>, C4<1>;
L_0x55ff75844320 .functor NOT 1, L_0x55ff7580b8b0, C4<0>, C4<0>, C4<0>;
v0x55ff7593bc00_0 .net "A", 0 0, o0x7fc8052743d8;  0 drivers
v0x55ff7593bce0_0 .net "B", 0 0, o0x7fc805274408;  0 drivers
v0x55ff7593bda0_0 .net "Y", 0 0, L_0x55ff75844320;  1 drivers
v0x55ff7593be40_0 .net *"_s0", 0 0, L_0x55ff7580b8b0;  1 drivers
S_0x55ff758cfce0 .scope module, "NOR" "NOR" 2 20;
 .timescale -9 -12;
    .port_info 0 /INPUT 1 "A";
    .port_info 1 /INPUT 1 "B";
    .port_info 2 /OUTPUT 1 "Y";
o0x7fc805274528 .functor BUFZ 1, C4<z>; HiZ drive
o0x7fc805274558 .functor BUFZ 1, C4<z>; HiZ drive
L_0x55ff75844210 .functor OR 1, o0x7fc805274528, o0x7fc805274558, C4<0>, C4<0>;
L_0x55ff758ab3a0 .functor NOT 1, L_0x55ff75844210, C4<0>, C4<0>, C4<0>;
v0x55ff7593bfa0_0 .net "A", 0 0, o0x7fc805274528;  0 drivers
v0x55ff7593c060_0 .net "B", 0 0, o0x7fc805274558;  0 drivers
v0x55ff7593c120_0 .net "Y", 0 0, L_0x55ff758ab3a0;  1 drivers
v0x55ff7593c1c0_0 .net *"_s0", 0 0, L_0x55ff75844210;  1 drivers
S_0x55ff758cfec0 .scope module, "NOT" "NOT" 2 8;
 .timescale -9 -12;
    .port_info 0 /INPUT 1 "A";
    .port_info 1 /OUTPUT 1 "Y";
o0x7fc805274678 .functor BUFZ 1, C4<z>; HiZ drive
L_0x55ff758a79c0 .functor NOT 1, o0x7fc805274678, C4<0>, C4<0>, C4<0>;
v0x55ff7593c320_0 .net "A", 0 0, o0x7fc805274678;  0 drivers
v0x55ff7593c3e0_0 .net "Y", 0 0, L_0x55ff758a79c0;  1 drivers
S_0x55ff758d0b50 .scope module, "bancoEV" "bancoEV" 3 7;
 .timescale -9 -12;
v0x55ff75952ac0_0 .net "active_out_cond", 0 0, v0x55ff75943360_0;  1 drivers
v0x55ff75952b80_0 .net "aeDF_i", 1 0, v0x55ff75951570_0;  1 drivers
v0x55ff75952c40_0 .net "aeMF_i", 1 0, v0x55ff75951680_0;  1 drivers
v0x55ff75952ce0_0 .net "aeVC_i", 3 0, v0x55ff75951770_0;  1 drivers
v0x55ff75952da0_0 .net "afDF_i", 1 0, v0x55ff75951880_0;  1 drivers
v0x55ff75952eb0_0 .net "afMF_i", 1 0, v0x55ff759519e0_0;  1 drivers
v0x55ff75952f70_0 .net "afVC_i", 3 0, v0x55ff75951af0_0;  1 drivers
v0x55ff75953030_0 .net "clk", 0 0, v0x55ff75951c00_0;  1 drivers
v0x55ff759532e0_0 .net "data_in", 5 0, v0x55ff75951ca0_0;  1 drivers
v0x55ff75953430_0 .net "data_out_0_cond", 5 0, v0x55ff7593e260_0;  1 drivers
v0x55ff759534f0_0 .net "data_out_1_cond", 5 0, v0x55ff759406d0_0;  1 drivers
v0x55ff759535b0_0 .net "error_out_cond", 4 0, v0x55ff759441a0_0;  1 drivers
v0x55ff75953670_0 .net "fifo_empty_d0", 0 0, v0x55ff7593e3e0_0;  1 drivers
v0x55ff75953710_0 .net "fifo_empty_d1", 0 0, v0x55ff759408e0_0;  1 drivers
v0x55ff759537b0_0 .net "fifo_pause_main", 0 0, v0x55ff759471c0_0;  1 drivers
v0x55ff75953850_0 .net "idle_out_cond", 0 0, v0x55ff75944440_0;  1 drivers
v0x55ff759538f0_0 .net "init", 0 0, v0x55ff75952400_0;  1 drivers
v0x55ff75953990_0 .net "pop_d0", 0 0, v0x55ff759524f0_0;  1 drivers
v0x55ff75953a30_0 .net "pop_d1", 0 0, v0x55ff75952590_0;  1 drivers
v0x55ff75953b60_0 .net "push_main", 0 0, v0x55ff75952630_0;  1 drivers
v0x55ff75953c90_0 .net "reset_L", 0 0, v0x55ff759526d0_0;  1 drivers
S_0x55ff7593c500 .scope module, "cond" "arqui" 3 35, 4 28 0, S_0x55ff758d0b50;
 .timescale -9 -12;
    .port_info 0 /INPUT 1 "clk";
    .port_info 1 /INPUT 1 "reset_L";
    .port_info 2 /INPUT 6 "data_in";
    .port_info 3 /INPUT 1 "push_main";
    .port_info 4 /INPUT 1 "pop_d0";
    .port_info 5 /INPUT 1 "pop_d1";
    .port_info 6 /INPUT 1 "init";
    .port_info 7 /INPUT 2 "afMF_i";
    .port_info 8 /INPUT 2 "aeMF_i";
    .port_info 9 /INPUT 4 "afVC_i";
    .port_info 10 /INPUT 4 "aeVC_i";
    .port_info 11 /INPUT 2 "afDF_i";
    .port_info 12 /INPUT 2 "aeDF_i";
    .port_info 13 /OUTPUT 1 "fifo_pause_main";
    .port_info 14 /OUTPUT 1 "fifo_empty_d0";
    .port_info 15 /OUTPUT 1 "fifo_empty_d1";
    .port_info 16 /OUTPUT 5 "error_out_cond";
    .port_info 17 /OUTPUT 1 "active_out_cond";
    .port_info 18 /OUTPUT 1 "idle_out_cond";
    .port_info 19 /OUTPUT 6 "data_out_0_cond";
    .port_info 20 /OUTPUT 6 "data_out_1_cond";
P_0x55ff7593c6e0 .param/l "DATA_SIZE" 0 4 28, +C4<00000000000000000000000000000110>;
v0x55ff7594dc00_0 .var "FIFO_empties", 4 0;
v0x55ff7594dce0_0 .var "FIFO_errors", 4 0;
v0x55ff7594dd80_0 .net "active_out_cond", 0 0, v0x55ff75943360_0;  alias, 1 drivers
v0x55ff7594de80_0 .net "aeDF_i", 1 0, v0x55ff75951570_0;  alias, 1 drivers
v0x55ff7594df50_0 .net "aeD_o", 1 0, v0x55ff75943510_0;  1 drivers
v0x55ff7594e040_0 .net "aeMF_i", 1 0, v0x55ff75951680_0;  alias, 1 drivers
v0x55ff7594e0e0_0 .net "aeMF_o", 1 0, v0x55ff75943750_0;  1 drivers
v0x55ff7594e1d0_0 .net "aeVC_i", 3 0, v0x55ff75951770_0;  alias, 1 drivers
v0x55ff7594e270_0 .net "aeVC_o", 3 0, v0x55ff75943910_0;  1 drivers
v0x55ff7594e310_0 .net "afDF_i", 1 0, v0x55ff75951880_0;  alias, 1 drivers
v0x55ff7594e400_0 .net "afD_o", 1 0, v0x55ff75943ad0_0;  1 drivers
v0x55ff7594e4a0_0 .net "afMF_i", 1 0, v0x55ff759519e0_0;  alias, 1 drivers
v0x55ff7594e590_0 .net "afMF_o", 1 0, v0x55ff75943c70_0;  1 drivers
v0x55ff7594e630_0 .net "afVC_i", 3 0, v0x55ff75951af0_0;  alias, 1 drivers
v0x55ff7594e6f0_0 .net "afVC_o", 3 0, v0x55ff75943e30_0;  1 drivers
v0x55ff7594e790_0 .net "clk", 0 0, v0x55ff75951c00_0;  alias, 1 drivers
v0x55ff7594e830_0 .net "data_d0", 5 0, v0x55ff759416a0_0;  1 drivers
v0x55ff7594ea00_0 .net "data_d1", 5 0, v0x55ff75941760_0;  1 drivers
v0x55ff7594eac0_0 .net "data_demux_d", 5 0, v0x55ff75947c70_0;  1 drivers
v0x55ff7594ebd0_0 .net "data_demux_vc", 5 0, v0x55ff75946020_0;  1 drivers
v0x55ff7594ec90_0 .net "data_in", 5 0, v0x55ff75951ca0_0;  alias, 1 drivers
v0x55ff7594eda0_0 .net "data_mux_0", 5 0, v0x55ff75949bb0_0;  1 drivers
v0x55ff7594ee60_0 .net "data_mux_1", 5 0, v0x55ff7594c220_0;  1 drivers
v0x55ff7594ef20_0 .net "data_out_0_cond", 5 0, v0x55ff7593e260_0;  alias, 1 drivers
v0x55ff7594efe0_0 .net "data_out_1_cond", 5 0, v0x55ff759406d0_0;  alias, 1 drivers
v0x55ff7594f080_0 .net "data_vc0", 5 0, v0x55ff759423c0_0;  1 drivers
v0x55ff7594f120_0 .net "data_vc1", 5 0, v0x55ff75942480_0;  1 drivers
v0x55ff7594f1e0_0 .net "error_out_cond", 4 0, v0x55ff759441a0_0;  alias, 1 drivers
v0x55ff7594f2d0_0 .net "fifo_empty_d0", 0 0, v0x55ff7593e3e0_0;  alias, 1 drivers
v0x55ff7594f3a0_0 .net "fifo_empty_d1", 0 0, v0x55ff759408e0_0;  alias, 1 drivers
v0x55ff7594f470_0 .net "fifo_empty_main", 0 0, v0x55ff75946fb0_0;  1 drivers
v0x55ff7594f560_0 .net "fifo_empty_vc0", 0 0, v0x55ff7594ad60_0;  1 drivers
v0x55ff7594f650_0 .net "fifo_empty_vc1", 0 0, v0x55ff7594d3a0_0;  1 drivers
v0x55ff7594f950_0 .net "fifo_error_d0", 0 0, v0x55ff7593e4a0_0;  1 drivers
v0x55ff7594f9f0_0 .net "fifo_error_d1", 0 0, v0x55ff759409a0_0;  1 drivers
v0x55ff7594fa90_0 .net "fifo_error_main", 0 0, v0x55ff75947050_0;  1 drivers
v0x55ff7594fb80_0 .net "fifo_error_vc0", 0 0, v0x55ff7594ae00_0;  1 drivers
v0x55ff7594fc20_0 .net "fifo_error_vc1", 0 0, v0x55ff7594d440_0;  1 drivers
v0x55ff7594fcc0_0 .net "fifo_pause_d0", 0 0, v0x55ff7593e620_0;  1 drivers
v0x55ff7594fdb0_0 .net "fifo_pause_d1", 0 0, v0x55ff75940b20_0;  1 drivers
v0x55ff7594fea0_0 .net "fifo_pause_main", 0 0, v0x55ff759471c0_0;  alias, 1 drivers
v0x55ff7594ff40_0 .net "fifo_pause_vc0", 0 0, v0x55ff7594af60_0;  1 drivers
v0x55ff75950030_0 .net "fifo_pause_vc1", 0 0, v0x55ff7594d5a0_0;  1 drivers
v0x55ff75950120_0 .net "idle_out_cond", 0 0, v0x55ff75944440_0;  alias, 1 drivers
v0x55ff759501c0_0 .net "init", 0 0, v0x55ff75952400_0;  alias, 1 drivers
v0x55ff75950260_0 .net "pop_b", 0 0, v0x55ff75944fe0_0;  1 drivers
v0x55ff75950300_0 .net "pop_d0", 0 0, v0x55ff759524f0_0;  alias, 1 drivers
v0x55ff759503f0_0 .net "pop_d1", 0 0, v0x55ff75952590_0;  alias, 1 drivers
v0x55ff759504e0_0 .net "pop_delay_vc0", 0 0, v0x55ff75948af0_0;  1 drivers
v0x55ff759505d0_0 .net "pop_delay_vc1", 0 0, v0x55ff75948be0_0;  1 drivers
v0x55ff759506c0_0 .net "pop_main", 0 0, v0x55ff759450f0_0;  1 drivers
v0x55ff75950760_0 .net "pop_vc0", 0 0, v0x55ff75948cb0_0;  1 drivers
v0x55ff75950800_0 .net "pop_vc1", 0 0, v0x55ff75948d50_0;  1 drivers
v0x55ff759508a0_0 .net "push_d0", 0 0, v0x55ff75941930_0;  1 drivers
v0x55ff75950940_0 .net "push_d1", 0 0, v0x55ff75941a70_0;  1 drivers
v0x55ff759509e0_0 .net "push_main", 0 0, v0x55ff75952630_0;  alias, 1 drivers
v0x55ff75950ad0_0 .net "push_vc0", 0 0, v0x55ff75942560_0;  1 drivers
v0x55ff75950b70_0 .net "push_vc1", 0 0, v0x55ff75942670_0;  1 drivers
v0x55ff75950c10_0 .net "reset_L", 0 0, v0x55ff759526d0_0;  alias, 1 drivers
v0x55ff75950cb0_0 .net "valid_demux_d", 0 0, v0x55ff759482a0_0;  1 drivers
v0x55ff75950da0_0 .net "valid_out_main", 0 0, v0x55ff75945250_0;  1 drivers
E_0x55ff759269a0/0 .event edge, v0x55ff7593d8a0_0, v0x55ff75944ce0_0, v0x55ff75948780_0, v0x55ff75948860_0;
E_0x55ff759269a0/1 .event edge, v0x55ff7593e3e0_0, v0x55ff759408e0_0, v0x55ff75944dc0_0, v0x55ff7594ae00_0;
E_0x55ff759269a0/2 .event edge, v0x55ff7594d440_0, v0x55ff7593e4a0_0, v0x55ff759409a0_0;
E_0x55ff759269a0 .event/or E_0x55ff759269a0/0, E_0x55ff759269a0/1, E_0x55ff759269a0/2;
S_0x55ff7593ca00 .scope module, "d0" "fifo_d0" 4 226, 5 5 0, S_0x55ff7593c500;
 .timescale -9 -12;
    .port_info 0 /INPUT 1 "clk";
    .port_info 1 /INPUT 1 "reset_L";
    .port_info 2 /INPUT 1 "pop_d0";
    .port_info 3 /INPUT 1 "push_d0";
    .port_info 4 /INPUT 6 "data_d0";
    .port_info 5 /INPUT 2 "afD_o";
    .port_info 6 /INPUT 2 "aeD_o";
    .port_info 7 /OUTPUT 1 "fifo_empty_d0";
    .port_info 8 /OUTPUT 6 "data_out_0_cond";
    .port_info 9 /OUTPUT 1 "fifo_error_d0";
    .port_info 10 /OUTPUT 1 "fifo_pause_d0";
P_0x55ff75926b10 .param/l "DATA_SIZE" 0 5 7, +C4<00000000000000000000000000000110>;
P_0x55ff75926b50 .param/l "MAIN_QUEUE_SIZE" 0 5 8, +C4<00000000000000000000000000000010>;
v0x55ff7593dc00_0 .net "aeD_o", 1 0, v0x55ff75943510_0;  alias, 1 drivers
v0x55ff7593dd00_0 .net "afD_o", 1 0, v0x55ff75943ad0_0;  alias, 1 drivers
v0x55ff7593dde0_0 .var "almost_empty", 0 0;
v0x55ff7593de80_0 .var "almost_full", 0 0;
v0x55ff7593df40_0 .net "clk", 0 0, v0x55ff75951c00_0;  alias, 1 drivers
v0x55ff7593dfe0_0 .var "data_count", 5 0;
v0x55ff7593e0a0_0 .net "data_d0", 5 0, v0x55ff759416a0_0;  alias, 1 drivers
v0x55ff7593e190_0 .net "data_out", 5 0, v0x55ff7593d450_0;  1 drivers
v0x55ff7593e260_0 .var "data_out_0_cond", 5 0;
v0x55ff7593e320_0 .var "datamod", 0 0;
v0x55ff7593e3e0_0 .var "fifo_empty_d0", 0 0;
v0x55ff7593e4a0_0 .var "fifo_error_d0", 0 0;
v0x55ff7593e560_0 .var "fifo_full", 0 0;
v0x55ff7593e620_0 .var "fifo_pause_d0", 0 0;
v0x55ff7593e6e0_0 .net "pop_d0", 0 0, v0x55ff759524f0_0;  alias, 1 drivers
v0x55ff7593e7b0_0 .net "push_d0", 0 0, v0x55ff75941930_0;  alias, 1 drivers
v0x55ff7593e880_0 .var "rd_ptr", 1 0;
v0x55ff7593ea60_0 .net "reset_L", 0 0, v0x55ff759526d0_0;  alias, 1 drivers
v0x55ff7593eb30_0 .var "wr_ptr", 1 0;
E_0x55ff75926e00/0 .event edge, v0x55ff7593d8a0_0, v0x55ff7593dfe0_0, v0x55ff7593dd00_0, v0x55ff7593dc00_0;
E_0x55ff75926e00/1 .event edge, v0x55ff7593da40_0, v0x55ff7593e560_0, v0x55ff7593d7e0_0, v0x55ff7593e3e0_0;
E_0x55ff75926e00 .event/or E_0x55ff75926e00/0, E_0x55ff75926e00/1;
S_0x55ff7593cd70 .scope module, "mem_d0" "RAM_memory" 5 48, 6 3 0, S_0x55ff7593ca00;
 .timescale -9 -12;
    .port_info 0 /INPUT 1 "clk";
    .port_info 1 /INPUT 1 "read";
    .port_info 2 /INPUT 1 "write";
    .port_info 3 /INPUT 1 "reset_L";
    .port_info 4 /INPUT 6 "data_in";
    .port_info 5 /INPUT 2 "wr_ptr";
    .port_info 6 /INPUT 2 "rd_ptr";
    .port_info 7 /OUTPUT 6 "data_out";
P_0x55ff759231a0 .param/l "DATA_SIZE" 0 6 5, +C4<00000000000000000000000000000110>;
P_0x55ff759231e0 .param/l "MAIN_QUEUE_SIZE" 0 6 6, +C4<00000000000000000000000000000010>;
v0x55ff7593d290_0 .net "clk", 0 0, v0x55ff75951c00_0;  alias, 1 drivers
v0x55ff7593d370_0 .net "data_in", 5 0, v0x55ff759416a0_0;  alias, 1 drivers
v0x55ff7593d450_0 .var "data_out", 5 0;
v0x55ff7593d540 .array "ram_mem", 0 3, 5 0;
v0x55ff7593d6b0_0 .net "rd_ptr", 1 0, v0x55ff7593e880_0;  1 drivers
v0x55ff7593d7e0_0 .net "read", 0 0, v0x55ff759524f0_0;  alias, 1 drivers
v0x55ff7593d8a0_0 .net "reset_L", 0 0, v0x55ff759526d0_0;  alias, 1 drivers
v0x55ff7593d960_0 .net "wr_ptr", 1 0, v0x55ff7593eb30_0;  1 drivers
v0x55ff7593da40_0 .net "write", 0 0, v0x55ff75941930_0;  alias, 1 drivers
E_0x55ff7593d190 .event posedge, v0x55ff7593d290_0;
v0x55ff7593d540_0 .array/port v0x55ff7593d540, 0;
E_0x55ff7593d210/0 .event edge, v0x55ff7593d8a0_0, v0x55ff7593d7e0_0, v0x55ff7593d6b0_0, v0x55ff7593d540_0;
v0x55ff7593d540_1 .array/port v0x55ff7593d540, 1;
v0x55ff7593d540_2 .array/port v0x55ff7593d540, 2;
v0x55ff7593d540_3 .array/port v0x55ff7593d540, 3;
E_0x55ff7593d210/1 .event edge, v0x55ff7593d540_1, v0x55ff7593d540_2, v0x55ff7593d540_3;
E_0x55ff7593d210 .event/or E_0x55ff7593d210/0, E_0x55ff7593d210/1;
S_0x55ff7593ed00 .scope module, "d1" "fifo_d1" 4 241, 7 5 0, S_0x55ff7593c500;
 .timescale -9 -12;
    .port_info 0 /INPUT 1 "clk";
    .port_info 1 /INPUT 1 "reset_L";
    .port_info 2 /INPUT 1 "pop_d1";
    .port_info 3 /INPUT 1 "push_d1";
    .port_info 4 /INPUT 6 "data_d1";
    .port_info 5 /INPUT 2 "afD_o";
    .port_info 6 /INPUT 2 "aeD_o";
    .port_info 7 /OUTPUT 1 "fifo_empty_d1";
    .port_info 8 /OUTPUT 6 "data_out_1_cond";
    .port_info 9 /OUTPUT 1 "fifo_error_d1";
    .port_info 10 /OUTPUT 1 "fifo_pause_d1";
P_0x55ff75927240 .param/l "DATA_SIZE" 0 7 7, +C4<00000000000000000000000000000110>;
P_0x55ff75927280 .param/l "MAIN_QUEUE_SIZE" 0 7 8, +C4<00000000000000000000000000000010>;
v0x55ff759400d0_0 .net "aeD_o", 1 0, v0x55ff75943510_0;  alias, 1 drivers
v0x55ff759401b0_0 .net "afD_o", 1 0, v0x55ff75943ad0_0;  alias, 1 drivers
v0x55ff75940250_0 .var "almost_empty", 0 0;
v0x55ff75940320_0 .var "almost_full", 0 0;
v0x55ff759403c0_0 .net "clk", 0 0, v0x55ff75951c00_0;  alias, 1 drivers
v0x55ff75940460_0 .var "data_count", 5 0;
v0x55ff75940540_0 .net "data_d1", 5 0, v0x55ff75941760_0;  alias, 1 drivers
v0x55ff75940600_0 .net "data_out", 5 0, v0x55ff7593f920_0;  1 drivers
v0x55ff759406d0_0 .var "data_out_1_cond", 5 0;
v0x55ff75940820_0 .var "datamod", 0 0;
v0x55ff759408e0_0 .var "fifo_empty_d1", 0 0;
v0x55ff759409a0_0 .var "fifo_error_d1", 0 0;
v0x55ff75940a60_0 .var "fifo_full", 0 0;
v0x55ff75940b20_0 .var "fifo_pause_d1", 0 0;
v0x55ff75940be0_0 .net "pop_d1", 0 0, v0x55ff75952590_0;  alias, 1 drivers
v0x55ff75940cb0_0 .net "push_d1", 0 0, v0x55ff75941a70_0;  alias, 1 drivers
v0x55ff75940d80_0 .var "rd_ptr", 1 0;
v0x55ff75940f60_0 .net "reset_L", 0 0, v0x55ff759526d0_0;  alias, 1 drivers
v0x55ff75941000_0 .var "wr_ptr", 1 0;
E_0x55ff7593f150/0 .event edge, v0x55ff7593d8a0_0, v0x55ff75940460_0, v0x55ff7593dd00_0, v0x55ff7593dc00_0;
E_0x55ff7593f150/1 .event edge, v0x55ff7593ff10_0, v0x55ff75940a60_0, v0x55ff7593fc80_0, v0x55ff759408e0_0;
E_0x55ff7593f150 .event/or E_0x55ff7593f150/0, E_0x55ff7593f150/1;
S_0x55ff7593f1e0 .scope module, "mem_d1" "RAM_memory" 7 48, 6 3 0, S_0x55ff7593ed00;
 .timescale -9 -12;
    .port_info 0 /INPUT 1 "clk";
    .port_info 1 /INPUT 1 "read";
    .port_info 2 /INPUT 1 "write";
    .port_info 3 /INPUT 1 "reset_L";
    .port_info 4 /INPUT 6 "data_in";
    .port_info 5 /INPUT 2 "wr_ptr";
    .port_info 6 /INPUT 2 "rd_ptr";
    .port_info 7 /OUTPUT 6 "data_out";
P_0x55ff7593ef00 .param/l "DATA_SIZE" 0 6 5, +C4<00000000000000000000000000000110>;
P_0x55ff7593ef40 .param/l "MAIN_QUEUE_SIZE" 0 6 6, +C4<00000000000000000000000000000010>;
v0x55ff7593f730_0 .net "clk", 0 0, v0x55ff75951c00_0;  alias, 1 drivers
v0x55ff7593f840_0 .net "data_in", 5 0, v0x55ff75941760_0;  alias, 1 drivers
v0x55ff7593f920_0 .var "data_out", 5 0;
v0x55ff7593f9e0 .array "ram_mem", 0 3, 5 0;
v0x55ff7593fb50_0 .net "rd_ptr", 1 0, v0x55ff75940d80_0;  1 drivers
v0x55ff7593fc80_0 .net "read", 0 0, v0x55ff75952590_0;  alias, 1 drivers
v0x55ff7593fd40_0 .net "reset_L", 0 0, v0x55ff759526d0_0;  alias, 1 drivers
v0x55ff7593fe30_0 .net "wr_ptr", 1 0, v0x55ff75941000_0;  1 drivers
v0x55ff7593ff10_0 .net "write", 0 0, v0x55ff75941a70_0;  alias, 1 drivers
v0x55ff7593f9e0_0 .array/port v0x55ff7593f9e0, 0;
E_0x55ff7593f690/0 .event edge, v0x55ff7593d8a0_0, v0x55ff7593fc80_0, v0x55ff7593fb50_0, v0x55ff7593f9e0_0;
v0x55ff7593f9e0_1 .array/port v0x55ff7593f9e0, 1;
v0x55ff7593f9e0_2 .array/port v0x55ff7593f9e0, 2;
v0x55ff7593f9e0_3 .array/port v0x55ff7593f9e0, 3;
E_0x55ff7593f690/1 .event edge, v0x55ff7593f9e0_1, v0x55ff7593f9e0_2, v0x55ff7593f9e0_3;
E_0x55ff7593f690 .event/or E_0x55ff7593f690/0, E_0x55ff7593f690/1;
S_0x55ff759411f0 .scope module, "demux_d" "demux_d" 4 215, 8 3 0, S_0x55ff7593c500;
 .timescale -9 -12;
    .port_info 0 /INPUT 1 "clk";
    .port_info 1 /INPUT 6 "data_demux_d";
    .port_info 2 /INPUT 1 "valid_demux_d";
    .port_info 3 /OUTPUT 1 "push_d0";
    .port_info 4 /OUTPUT 1 "push_d1";
    .port_info 5 /OUTPUT 6 "data_d0";
    .port_info 6 /OUTPUT 6 "data_d1";
P_0x55ff75940770 .param/l "BIT_SELECT" 0 8 5, +C4<00000000000000000000000000000010>;
P_0x55ff759407b0 .param/l "DATA_SIZE" 0 8 4, +C4<00000000000000000000000000000110>;
v0x55ff759415e0_0 .net "clk", 0 0, v0x55ff75951c00_0;  alias, 1 drivers
v0x55ff759416a0_0 .var "data_d0", 5 0;
v0x55ff75941760_0 .var "data_d1", 5 0;
v0x55ff75941850_0 .net "data_demux_d", 5 0, v0x55ff75947c70_0;  alias, 1 drivers
v0x55ff75941930_0 .var "push_d0", 0 0;
v0x55ff75941a70_0 .var "push_d1", 0 0;
v0x55ff75941b60_0 .var "selector", 0 0;
v0x55ff75941c20_0 .net "valid_demux_d", 0 0, v0x55ff759482a0_0;  alias, 1 drivers
E_0x55ff75941580 .event edge, v0x55ff75941850_0, v0x55ff75941c20_0, v0x55ff75941b60_0;
S_0x55ff75941e00 .scope module, "demux_main" "demux_vc" 4 151, 9 3 0, S_0x55ff7593c500;
 .timescale -9 -12;
    .port_info 0 /INPUT 1 "valid_out_main";
    .port_info 1 /INPUT 1 "clk";
    .port_info 2 /INPUT 6 "data_demux_vc";
    .port_info 3 /OUTPUT 1 "push_vc0";
    .port_info 4 /OUTPUT 1 "push_vc1";
    .port_info 5 /OUTPUT 6 "data_vc0";
    .port_info 6 /OUTPUT 6 "data_vc1";
P_0x55ff75941fe0 .param/l "BIT_SELECT" 0 9 5, +C4<00000000000000000000000000000001>;
P_0x55ff75942020 .param/l "DATA_SIZE" 0 9 4, +C4<00000000000000000000000000000110>;
v0x55ff75942220_0 .net "clk", 0 0, v0x55ff75951c00_0;  alias, 1 drivers
v0x55ff759422e0_0 .net "data_demux_vc", 5 0, v0x55ff75946020_0;  alias, 1 drivers
v0x55ff759423c0_0 .var "data_vc0", 5 0;
v0x55ff75942480_0 .var "data_vc1", 5 0;
v0x55ff75942560_0 .var "push_vc0", 0 0;
v0x55ff75942670_0 .var "push_vc1", 0 0;
v0x55ff75942730_0 .var "selector", 0 0;
v0x55ff759427f0_0 .net "valid_out_main", 0 0, v0x55ff75945250_0;  alias, 1 drivers
E_0x55ff759421a0 .event edge, v0x55ff759422e0_0, v0x55ff759427f0_0, v0x55ff75942730_0;
S_0x55ff759429d0 .scope module, "fsm0" "fsm" 4 100, 10 1 0, S_0x55ff7593c500;
 .timescale -9 -12;
    .port_info 0 /INPUT 1 "clk";
    .port_info 1 /INPUT 1 "reset_L";
    .port_info 2 /INPUT 1 "init";
    .port_info 3 /INPUT 5 "FIFO_errors";
    .port_info 4 /INPUT 5 "FIFO_empties";
    .port_info 5 /INPUT 2 "afMF_i";
    .port_info 6 /INPUT 2 "aeMF_i";
    .port_info 7 /INPUT 4 "afVC_i";
    .port_info 8 /INPUT 4 "aeVC_i";
    .port_info 9 /INPUT 2 "afDF_i";
    .port_info 10 /INPUT 2 "aeDF_i";
    .port_info 11 /OUTPUT 5 "error_out_cond";
    .port_info 12 /OUTPUT 1 "active_out_cond";
    .port_info 13 /OUTPUT 1 "idle_out_cond";
    .port_info 14 /OUTPUT 2 "afMF_o";
    .port_info 15 /OUTPUT 2 "aeMF_o";
    .port_info 16 /OUTPUT 2 "afD_o";
    .port_info 17 /OUTPUT 2 "aeD_o";
    .port_info 18 /OUTPUT 4 "afVC_o";
    .port_info 19 /OUTPUT 4 "aeVC_o";
P_0x55ff75942c00 .param/l "ACTIVE" 0 10 31, C4<00000000000000000000000000001000>;
P_0x55ff75942c40 .param/l "ERROR" 0 10 32, C4<00000000000000000000000000010000>;
P_0x55ff75942c80 .param/l "IDLE" 0 10 30, C4<00000000000000000000000000000100>;
P_0x55ff75942cc0 .param/l "INIT" 0 10 29, C4<00000000000000000000000000000010>;
P_0x55ff75942d00 .param/l "RESET" 0 10 28, C4<00000000000000000000000000000001>;
v0x55ff75943180_0 .net "FIFO_empties", 4 0, v0x55ff7594dc00_0;  1 drivers
v0x55ff75943280_0 .net "FIFO_errors", 4 0, v0x55ff7594dce0_0;  1 drivers
v0x55ff75943360_0 .var "active_out_cond", 0 0;
v0x55ff75943430_0 .net "aeDF_i", 1 0, v0x55ff75951570_0;  alias, 1 drivers
v0x55ff75943510_0 .var "aeD_o", 1 0;
v0x55ff75943670_0 .net "aeMF_i", 1 0, v0x55ff75951680_0;  alias, 1 drivers
v0x55ff75943750_0 .var "aeMF_o", 1 0;
v0x55ff75943830_0 .net "aeVC_i", 3 0, v0x55ff75951770_0;  alias, 1 drivers
v0x55ff75943910_0 .var "aeVC_o", 3 0;
v0x55ff759439f0_0 .net "afDF_i", 1 0, v0x55ff75951880_0;  alias, 1 drivers
v0x55ff75943ad0_0 .var "afD_o", 1 0;
v0x55ff75943b90_0 .net "afMF_i", 1 0, v0x55ff759519e0_0;  alias, 1 drivers
v0x55ff75943c70_0 .var "afMF_o", 1 0;
v0x55ff75943d50_0 .net "afVC_i", 3 0, v0x55ff75951af0_0;  alias, 1 drivers
v0x55ff75943e30_0 .var "afVC_o", 3 0;
v0x55ff75943f10_0 .net "clk", 0 0, v0x55ff75951c00_0;  alias, 1 drivers
v0x55ff75943fb0_0 .var "error_ant", 4 0;
v0x55ff759441a0_0 .var "error_out_cond", 4 0;
v0x55ff75944280_0 .var "estado", 4 0;
v0x55ff75944360_0 .var "estado_proximo", 4 0;
v0x55ff75944440_0 .var "idle_out_cond", 0 0;
v0x55ff75944500_0 .net "init", 0 0, v0x55ff75952400_0;  alias, 1 drivers
v0x55ff759445c0_0 .net "reset_L", 0 0, v0x55ff759526d0_0;  alias, 1 drivers
E_0x55ff75941540/0 .event edge, v0x55ff75944280_0, v0x55ff75944500_0, v0x55ff75943280_0, v0x55ff75943180_0;
E_0x55ff75941540/1 .event edge, v0x55ff75943fb0_0;
E_0x55ff75941540 .event/or E_0x55ff75941540/0, E_0x55ff75941540/1;
S_0x55ff75944990 .scope module, "in_flow" "input_flow" 4 139, 11 1 0, S_0x55ff7593c500;
 .timescale -9 -12;
    .port_info 0 /INPUT 1 "reset_L";
    .port_info 1 /INPUT 1 "fifo_pause_vc0";
    .port_info 2 /INPUT 1 "fifo_pause_vc1";
    .port_info 3 /INPUT 1 "fifo_empty_main";
    .port_info 4 /INPUT 1 "fifo_error_main";
    .port_info 5 /OUTPUT 1 "pop_main";
    .port_info 6 /OUTPUT 1 "pop_b";
    .port_info 7 /OUTPUT 1 "valid_out_main";
v0x55ff75944ce0_0 .net "fifo_empty_main", 0 0, v0x55ff75946fb0_0;  alias, 1 drivers
v0x55ff75944dc0_0 .net "fifo_error_main", 0 0, v0x55ff75947050_0;  alias, 1 drivers
v0x55ff75944e80_0 .net "fifo_pause_vc0", 0 0, v0x55ff7594af60_0;  alias, 1 drivers
v0x55ff75944f20_0 .net "fifo_pause_vc1", 0 0, v0x55ff7594d5a0_0;  alias, 1 drivers
v0x55ff75944fe0_0 .var "pop_b", 0 0;
v0x55ff759450f0_0 .var "pop_main", 0 0;
v0x55ff759451b0_0 .net "reset_L", 0 0, v0x55ff759526d0_0;  alias, 1 drivers
v0x55ff75945250_0 .var "valid_out_main", 0 0;
E_0x55ff75944c40/0 .event edge, v0x55ff7593d8a0_0, v0x55ff75944e80_0, v0x55ff75944f20_0, v0x55ff75944ce0_0;
E_0x55ff75944c40/1 .event edge, v0x55ff759450f0_0, v0x55ff75944dc0_0;
E_0x55ff75944c40 .event/or E_0x55ff75944c40/0, E_0x55ff75944c40/1;
S_0x55ff75945420 .scope module, "main" "fifo_main" 4 124, 12 5 0, S_0x55ff7593c500;
 .timescale -9 -12;
    .port_info 0 /INPUT 1 "clk";
    .port_info 1 /INPUT 1 "reset_L";
    .port_info 2 /INPUT 1 "pop_main";
    .port_info 3 /INPUT 1 "push_main";
    .port_info 4 /INPUT 6 "data_in";
    .port_info 5 /INPUT 2 "afMF_o";
    .port_info 6 /INPUT 2 "aeMF_o";
    .port_info 7 /OUTPUT 1 "fifo_empty_main";
    .port_info 8 /OUTPUT 6 "data_demux_vc";
    .port_info 9 /OUTPUT 1 "fifo_error_main";
    .port_info 10 /OUTPUT 1 "fifo_pause_main";
P_0x55ff759455b0 .param/l "DATA_SIZE" 0 12 7, +C4<00000000000000000000000000000110>;
P_0x55ff759455f0 .param/l "MAIN_QUEUE_SIZE" 0 12 8, +C4<00000000000000000000000000000010>;
v0x55ff75946760_0 .net "aeMF_o", 1 0, v0x55ff75943750_0;  alias, 1 drivers
v0x55ff75946870_0 .net "afMF_o", 1 0, v0x55ff75943c70_0;  alias, 1 drivers
v0x55ff75946940_0 .var "almost_empty", 0 0;
v0x55ff75946a10_0 .var "almost_full", 0 0;
v0x55ff75946ab0_0 .net "clk", 0 0, v0x55ff75951c00_0;  alias, 1 drivers
v0x55ff75946c60_0 .var "data_count", 5 0;
v0x55ff75946d40_0 .net "data_demux_vc", 5 0, v0x55ff75946020_0;  alias, 1 drivers
v0x55ff75946e50_0 .net "data_in", 5 0, v0x55ff75951ca0_0;  alias, 1 drivers
v0x55ff75946f10_0 .var "datamod", 0 0;
v0x55ff75946fb0_0 .var "fifo_empty_main", 0 0;
v0x55ff75947050_0 .var "fifo_error_main", 0 0;
v0x55ff75947120_0 .var "fifo_full", 0 0;
v0x55ff759471c0_0 .var "fifo_pause_main", 0 0;
v0x55ff75947260_0 .net "pop_main", 0 0, v0x55ff759450f0_0;  alias, 1 drivers
v0x55ff75947300_0 .net "push_main", 0 0, v0x55ff75952630_0;  alias, 1 drivers
v0x55ff759473a0_0 .var "rd_ptr", 1 0;
v0x55ff75947470_0 .net "reset_L", 0 0, v0x55ff759526d0_0;  alias, 1 drivers
v0x55ff75947620_0 .var "wr_ptr", 1 0;
E_0x55ff75945880/0 .event edge, v0x55ff7593d8a0_0, v0x55ff75946c60_0, v0x55ff75943c70_0, v0x55ff75943750_0;
E_0x55ff75945880/1 .event edge, v0x55ff759465a0_0, v0x55ff75947120_0, v0x55ff759450f0_0, v0x55ff75944ce0_0;
E_0x55ff75945880 .event/or E_0x55ff75945880/0, E_0x55ff75945880/1;
S_0x55ff75945930 .scope module, "main_mem" "RAM_memory" 12 48, 6 3 0, S_0x55ff75945420;
 .timescale -9 -12;
    .port_info 0 /INPUT 1 "clk";
    .port_info 1 /INPUT 1 "read";
    .port_info 2 /INPUT 1 "write";
    .port_info 3 /INPUT 1 "reset_L";
    .port_info 4 /INPUT 6 "data_in";
    .port_info 5 /INPUT 2 "wr_ptr";
    .port_info 6 /INPUT 2 "rd_ptr";
    .port_info 7 /OUTPUT 6 "data_out";
P_0x55ff75945690 .param/l "DATA_SIZE" 0 6 5, +C4<00000000000000000000000000000110>;
P_0x55ff759456d0 .param/l "MAIN_QUEUE_SIZE" 0 6 6, +C4<00000000000000000000000000000010>;
v0x55ff75945e80_0 .net "clk", 0 0, v0x55ff75951c00_0;  alias, 1 drivers
v0x55ff75945f40_0 .net "data_in", 5 0, v0x55ff75951ca0_0;  alias, 1 drivers
v0x55ff75946020_0 .var "data_out", 5 0;
v0x55ff75946120 .array "ram_mem", 0 3, 5 0;
v0x55ff75946270_0 .net "rd_ptr", 1 0, v0x55ff759473a0_0;  1 drivers
v0x55ff759463a0_0 .net "read", 0 0, v0x55ff759450f0_0;  alias, 1 drivers
v0x55ff75946440_0 .net "reset_L", 0 0, v0x55ff759526d0_0;  alias, 1 drivers
v0x55ff759464e0_0 .net "wr_ptr", 1 0, v0x55ff75947620_0;  1 drivers
v0x55ff759465a0_0 .net "write", 0 0, v0x55ff75952630_0;  alias, 1 drivers
v0x55ff75946120_0 .array/port v0x55ff75946120, 0;
E_0x55ff75945de0/0 .event edge, v0x55ff7593d8a0_0, v0x55ff759450f0_0, v0x55ff75946270_0, v0x55ff75946120_0;
v0x55ff75946120_1 .array/port v0x55ff75946120, 1;
v0x55ff75946120_2 .array/port v0x55ff75946120, 2;
v0x55ff75946120_3 .array/port v0x55ff75946120, 3;
E_0x55ff75945de0/1 .event edge, v0x55ff75946120_1, v0x55ff75946120_2, v0x55ff75946120_3;
E_0x55ff75945de0 .event/or E_0x55ff75945de0/0, E_0x55ff75945de0/1;
S_0x55ff75947830 .scope module, "mux0" "mux" 4 204, 13 3 0, S_0x55ff7593c500;
 .timescale -9 -12;
    .port_info 0 /INPUT 1 "clk";
    .port_info 1 /INPUT 1 "pop_delay_vc0";
    .port_info 2 /INPUT 1 "pop_delay_vc1";
    .port_info 3 /INPUT 6 "data_mux_0";
    .port_info 4 /INPUT 6 "data_mux_1";
    .port_info 5 /OUTPUT 6 "data_demux_d";
    .port_info 6 /OUTPUT 1 "valid_demux_d";
P_0x55ff75947a10 .param/l "DATA_SIZE" 0 13 4, +C4<00000000000000000000000000000110>;
v0x55ff75947bb0_0 .net "clk", 0 0, v0x55ff75951c00_0;  alias, 1 drivers
v0x55ff75947c70_0 .var "data_demux_d", 5 0;
v0x55ff75947d60_0 .net "data_mux_0", 5 0, v0x55ff75949bb0_0;  alias, 1 drivers
v0x55ff75947e30_0 .net "data_mux_1", 5 0, v0x55ff7594c220_0;  alias, 1 drivers
v0x55ff75947f10_0 .net "pop_delay_vc0", 0 0, v0x55ff75948af0_0;  alias, 1 drivers
v0x55ff75948020_0 .net "pop_delay_vc1", 0 0, v0x55ff75948be0_0;  alias, 1 drivers
v0x55ff759480e0_0 .var "reg_VC0", 5 0;
v0x55ff759481c0_0 .var "reg_VC1", 5 0;
v0x55ff759482a0_0 .var "valid_demux_d", 0 0;
E_0x55ff75947b20 .event edge, v0x55ff75947f10_0, v0x55ff75947d60_0, v0x55ff75948020_0, v0x55ff75947e30_0;
S_0x55ff75948440 .scope module, "of" "output_flow" 4 192, 14 1 0, S_0x55ff7593c500;
 .timescale -9 -12;
    .port_info 0 /INPUT 1 "fifo_empty_vc0";
    .port_info 1 /INPUT 1 "fifo_empty_vc1";
    .port_info 2 /INPUT 1 "fifo_pause_d0";
    .port_info 3 /INPUT 1 "fifo_pause_d1";
    .port_info 4 /OUTPUT 1 "pop_vc0";
    .port_info 5 /OUTPUT 1 "pop_vc1";
    .port_info 6 /OUTPUT 1 "pop_delay_vc0";
    .port_info 7 /OUTPUT 1 "pop_delay_vc1";
v0x55ff75948780_0 .net "fifo_empty_vc0", 0 0, v0x55ff7594ad60_0;  alias, 1 drivers
v0x55ff75948860_0 .net "fifo_empty_vc1", 0 0, v0x55ff7594d3a0_0;  alias, 1 drivers
v0x55ff75948920_0 .net "fifo_pause_d0", 0 0, v0x55ff7593e620_0;  alias, 1 drivers
v0x55ff75948a20_0 .net "fifo_pause_d1", 0 0, v0x55ff75940b20_0;  alias, 1 drivers
v0x55ff75948af0_0 .var "pop_delay_vc0", 0 0;
v0x55ff75948be0_0 .var "pop_delay_vc1", 0 0;
v0x55ff75948cb0_0 .var "pop_vc0", 0 0;
v0x55ff75948d50_0 .var "pop_vc1", 0 0;
E_0x55ff75947ae0 .event edge, v0x55ff7593e620_0, v0x55ff75940b20_0, v0x55ff75948780_0, v0x55ff75948860_0;
S_0x55ff75948ee0 .scope module, "vc0" "fifo_vc0" 4 162, 15 5 0, S_0x55ff7593c500;
 .timescale -9 -12;
    .port_info 0 /INPUT 1 "clk";
    .port_info 1 /INPUT 1 "reset_L";
    .port_info 2 /INPUT 1 "pop_vc0";
    .port_info 3 /INPUT 1 "push_vc0";
    .port_info 4 /INPUT 6 "data_vc0";
    .port_info 5 /INPUT 4 "afVC_o";
    .port_info 6 /INPUT 4 "aeVC_o";
    .port_info 7 /OUTPUT 1 "fifo_empty_vc0";
    .port_info 8 /OUTPUT 6 "data_mux_0";
    .port_info 9 /OUTPUT 1 "fifo_error_vc0";
    .port_info 10 /OUTPUT 1 "fifo_pause_vc0";
P_0x55ff75949070 .param/l "DATA_SIZE" 0 15 7, +C4<00000000000000000000000000000110>;
P_0x55ff759490b0 .param/l "MAIN_QUEUE_SIZE" 0 15 8, +C4<00000000000000000000000000000100>;
v0x55ff7594a520_0 .net "aeVC_o", 3 0, v0x55ff75943910_0;  alias, 1 drivers
v0x55ff7594a630_0 .net "afVC_o", 3 0, v0x55ff75943e30_0;  alias, 1 drivers
v0x55ff7594a700_0 .var "almost_empty", 0 0;
v0x55ff7594a7d0_0 .var "almost_full", 0 0;
v0x55ff7594a870_0 .net "clk", 0 0, v0x55ff75951c00_0;  alias, 1 drivers
v0x55ff7594a910_0 .var "data_count", 5 0;
v0x55ff7594a9f0_0 .net "data_mux_0", 5 0, v0x55ff75949bb0_0;  alias, 1 drivers
v0x55ff7594ab00_0 .net "data_vc0", 5 0, v0x55ff759423c0_0;  alias, 1 drivers
v0x55ff7594ac10_0 .var "datamod", 0 0;
v0x55ff7594ad60_0 .var "fifo_empty_vc0", 0 0;
v0x55ff7594ae00_0 .var "fifo_error_vc0", 0 0;
v0x55ff7594aea0_0 .var "fifo_full", 0 0;
v0x55ff7594af60_0 .var "fifo_pause_vc0", 0 0;
v0x55ff7594b000_0 .net "pop_vc0", 0 0, v0x55ff75948cb0_0;  alias, 1 drivers
v0x55ff7594b0a0_0 .net "push_vc0", 0 0, v0x55ff75942560_0;  alias, 1 drivers
v0x55ff7594b190_0 .var "rd_ptr", 3 0;
v0x55ff7594b230_0 .net "reset_L", 0 0, v0x55ff759526d0_0;  alias, 1 drivers
v0x55ff7594b3e0_0 .var "wr_ptr", 3 0;
E_0x55ff759493a0/0 .event edge, v0x55ff7593d8a0_0, v0x55ff7594a910_0, v0x55ff75943e30_0, v0x55ff75943910_0;
E_0x55ff759493a0/1 .event edge, v0x55ff75942560_0, v0x55ff7594aea0_0, v0x55ff75948cb0_0, v0x55ff75948780_0;
E_0x55ff759493a0 .event/or E_0x55ff759493a0/0, E_0x55ff759493a0/1;
S_0x55ff75949450 .scope module, "mem_vc0" "RAM_memory" 15 48, 6 3 0, S_0x55ff75948ee0;
 .timescale -9 -12;
    .port_info 0 /INPUT 1 "clk";
    .port_info 1 /INPUT 1 "read";
    .port_info 2 /INPUT 1 "write";
    .port_info 3 /INPUT 1 "reset_L";
    .port_info 4 /INPUT 6 "data_in";
    .port_info 5 /INPUT 4 "wr_ptr";
    .port_info 6 /INPUT 4 "rd_ptr";
    .port_info 7 /OUTPUT 6 "data_out";
P_0x55ff75949150 .param/l "DATA_SIZE" 0 6 5, +C4<00000000000000000000000000000110>;
P_0x55ff75949190 .param/l "MAIN_QUEUE_SIZE" 0 6 6, +C4<00000000000000000000000000000100>;
v0x55ff75949a00_0 .net "clk", 0 0, v0x55ff75951c00_0;  alias, 1 drivers
v0x55ff75949ac0_0 .net "data_in", 5 0, v0x55ff759423c0_0;  alias, 1 drivers
v0x55ff75949bb0_0 .var "data_out", 5 0;
v0x55ff75949cb0 .array "ram_mem", 0 15, 5 0;
v0x55ff75949f30_0 .net "rd_ptr", 3 0, v0x55ff7594b190_0;  1 drivers
v0x55ff7594a060_0 .net "read", 0 0, v0x55ff75948cb0_0;  alias, 1 drivers
v0x55ff7594a100_0 .net "reset_L", 0 0, v0x55ff759526d0_0;  alias, 1 drivers
v0x55ff7594a2b0_0 .net "wr_ptr", 3 0, v0x55ff7594b3e0_0;  1 drivers
v0x55ff7594a370_0 .net "write", 0 0, v0x55ff75942560_0;  alias, 1 drivers
v0x55ff75949cb0_0 .array/port v0x55ff75949cb0, 0;
E_0x55ff75949900/0 .event edge, v0x55ff7593d8a0_0, v0x55ff75948cb0_0, v0x55ff75949f30_0, v0x55ff75949cb0_0;
v0x55ff75949cb0_1 .array/port v0x55ff75949cb0, 1;
v0x55ff75949cb0_2 .array/port v0x55ff75949cb0, 2;
v0x55ff75949cb0_3 .array/port v0x55ff75949cb0, 3;
v0x55ff75949cb0_4 .array/port v0x55ff75949cb0, 4;
E_0x55ff75949900/1 .event edge, v0x55ff75949cb0_1, v0x55ff75949cb0_2, v0x55ff75949cb0_3, v0x55ff75949cb0_4;
v0x55ff75949cb0_5 .array/port v0x55ff75949cb0, 5;
v0x55ff75949cb0_6 .array/port v0x55ff75949cb0, 6;
v0x55ff75949cb0_7 .array/port v0x55ff75949cb0, 7;
v0x55ff75949cb0_8 .array/port v0x55ff75949cb0, 8;
E_0x55ff75949900/2 .event edge, v0x55ff75949cb0_5, v0x55ff75949cb0_6, v0x55ff75949cb0_7, v0x55ff75949cb0_8;
v0x55ff75949cb0_9 .array/port v0x55ff75949cb0, 9;
v0x55ff75949cb0_10 .array/port v0x55ff75949cb0, 10;
v0x55ff75949cb0_11 .array/port v0x55ff75949cb0, 11;
v0x55ff75949cb0_12 .array/port v0x55ff75949cb0, 12;
E_0x55ff75949900/3 .event edge, v0x55ff75949cb0_9, v0x55ff75949cb0_10, v0x55ff75949cb0_11, v0x55ff75949cb0_12;
v0x55ff75949cb0_13 .array/port v0x55ff75949cb0, 13;
v0x55ff75949cb0_14 .array/port v0x55ff75949cb0, 14;
v0x55ff75949cb0_15 .array/port v0x55ff75949cb0, 15;
E_0x55ff75949900/4 .event edge, v0x55ff75949cb0_13, v0x55ff75949cb0_14, v0x55ff75949cb0_15;
E_0x55ff75949900 .event/or E_0x55ff75949900/0, E_0x55ff75949900/1, E_0x55ff75949900/2, E_0x55ff75949900/3, E_0x55ff75949900/4;
S_0x55ff7594b5c0 .scope module, "vc1" "fifo_vc1" 4 177, 16 5 0, S_0x55ff7593c500;
 .timescale -9 -12;
    .port_info 0 /INPUT 1 "clk";
    .port_info 1 /INPUT 1 "reset_L";
    .port_info 2 /INPUT 1 "pop_vc1";
    .port_info 3 /INPUT 1 "push_vc1";
    .port_info 4 /INPUT 6 "data_vc1";
    .port_info 5 /INPUT 4 "afVC_o";
    .port_info 6 /INPUT 4 "aeVC_o";
    .port_info 7 /OUTPUT 1 "fifo_empty_vc1";
    .port_info 8 /OUTPUT 6 "data_mux_1";
    .port_info 9 /OUTPUT 1 "fifo_error_vc1";
    .port_info 10 /OUTPUT 1 "fifo_pause_vc1";
P_0x55ff7594acb0 .param/l "DATA_SIZE" 0 16 7, +C4<00000000000000000000000000000110>;
P_0x55ff7594acf0 .param/l "MAIN_QUEUE_SIZE" 0 16 8, +C4<00000000000000000000000000000100>;
v0x55ff7594cb10_0 .net "aeVC_o", 3 0, v0x55ff75943910_0;  alias, 1 drivers
v0x55ff7594cbf0_0 .net "afVC_o", 3 0, v0x55ff75943e30_0;  alias, 1 drivers
v0x55ff7594cd00_0 .var "almost_empty", 0 0;
v0x55ff7594cda0_0 .var "almost_full", 0 0;
v0x55ff7594ce60_0 .net "clk", 0 0, v0x55ff75951c00_0;  alias, 1 drivers
v0x55ff7594cf50_0 .var "data_count", 5 0;
v0x55ff7594d030_0 .net "data_mux_1", 5 0, v0x55ff7594c220_0;  alias, 1 drivers
v0x55ff7594d140_0 .net "data_vc1", 5 0, v0x55ff75942480_0;  alias, 1 drivers
v0x55ff7594d250_0 .var "datamod", 0 0;
v0x55ff7594d3a0_0 .var "fifo_empty_vc1", 0 0;
v0x55ff7594d440_0 .var "fifo_error_vc1", 0 0;
v0x55ff7594d4e0_0 .var "fifo_full", 0 0;
v0x55ff7594d5a0_0 .var "fifo_pause_vc1", 0 0;
v0x55ff7594d640_0 .net "pop_vc1", 0 0, v0x55ff75948d50_0;  alias, 1 drivers
v0x55ff7594d6e0_0 .net "push_vc1", 0 0, v0x55ff75942670_0;  alias, 1 drivers
v0x55ff7594d7d0_0 .var "rd_ptr", 3 0;
v0x55ff7594d870_0 .net "reset_L", 0 0, v0x55ff759526d0_0;  alias, 1 drivers
v0x55ff7594da20_0 .var "wr_ptr", 3 0;
E_0x55ff7594ba10/0 .event edge, v0x55ff7593d8a0_0, v0x55ff7594cf50_0, v0x55ff75943e30_0, v0x55ff75943910_0;
E_0x55ff7594ba10/1 .event edge, v0x55ff75942670_0, v0x55ff7594d4e0_0, v0x55ff75948d50_0, v0x55ff75948860_0;
E_0x55ff7594ba10 .event/or E_0x55ff7594ba10/0, E_0x55ff7594ba10/1;
S_0x55ff7594bac0 .scope module, "mem_vc1" "RAM_memory" 16 48, 6 3 0, S_0x55ff7594b5c0;
 .timescale -9 -12;
    .port_info 0 /INPUT 1 "clk";
    .port_info 1 /INPUT 1 "read";
    .port_info 2 /INPUT 1 "write";
    .port_info 3 /INPUT 1 "reset_L";
    .port_info 4 /INPUT 6 "data_in";
    .port_info 5 /INPUT 4 "wr_ptr";
    .port_info 6 /INPUT 4 "rd_ptr";
    .port_info 7 /OUTPUT 6 "data_out";
P_0x55ff7594b7f0 .param/l "DATA_SIZE" 0 6 5, +C4<00000000000000000000000000000110>;
P_0x55ff7594b830 .param/l "MAIN_QUEUE_SIZE" 0 6 6, +C4<00000000000000000000000000000100>;
v0x55ff7594c070_0 .net "clk", 0 0, v0x55ff75951c00_0;  alias, 1 drivers
v0x55ff7594c130_0 .net "data_in", 5 0, v0x55ff75942480_0;  alias, 1 drivers
v0x55ff7594c220_0 .var "data_out", 5 0;
v0x55ff7594c320 .array "ram_mem", 0 15, 5 0;
v0x55ff7594c5a0_0 .net "rd_ptr", 3 0, v0x55ff7594d7d0_0;  1 drivers
v0x55ff7594c6d0_0 .net "read", 0 0, v0x55ff75948d50_0;  alias, 1 drivers
v0x55ff7594c770_0 .net "reset_L", 0 0, v0x55ff759526d0_0;  alias, 1 drivers
v0x55ff7594c810_0 .net "wr_ptr", 3 0, v0x55ff7594da20_0;  1 drivers
v0x55ff7594c8d0_0 .net "write", 0 0, v0x55ff75942670_0;  alias, 1 drivers
v0x55ff7594c320_0 .array/port v0x55ff7594c320, 0;
E_0x55ff7594bf70/0 .event edge, v0x55ff7593d8a0_0, v0x55ff75948d50_0, v0x55ff7594c5a0_0, v0x55ff7594c320_0;
v0x55ff7594c320_1 .array/port v0x55ff7594c320, 1;
v0x55ff7594c320_2 .array/port v0x55ff7594c320, 2;
v0x55ff7594c320_3 .array/port v0x55ff7594c320, 3;
v0x55ff7594c320_4 .array/port v0x55ff7594c320, 4;
E_0x55ff7594bf70/1 .event edge, v0x55ff7594c320_1, v0x55ff7594c320_2, v0x55ff7594c320_3, v0x55ff7594c320_4;
v0x55ff7594c320_5 .array/port v0x55ff7594c320, 5;
v0x55ff7594c320_6 .array/port v0x55ff7594c320, 6;
v0x55ff7594c320_7 .array/port v0x55ff7594c320, 7;
v0x55ff7594c320_8 .array/port v0x55ff7594c320, 8;
E_0x55ff7594bf70/2 .event edge, v0x55ff7594c320_5, v0x55ff7594c320_6, v0x55ff7594c320_7, v0x55ff7594c320_8;
v0x55ff7594c320_9 .array/port v0x55ff7594c320, 9;
v0x55ff7594c320_10 .array/port v0x55ff7594c320, 10;
v0x55ff7594c320_11 .array/port v0x55ff7594c320, 11;
v0x55ff7594c320_12 .array/port v0x55ff7594c320, 12;
E_0x55ff7594bf70/3 .event edge, v0x55ff7594c320_9, v0x55ff7594c320_10, v0x55ff7594c320_11, v0x55ff7594c320_12;
v0x55ff7594c320_13 .array/port v0x55ff7594c320, 13;
v0x55ff7594c320_14 .array/port v0x55ff7594c320, 14;
v0x55ff7594c320_15 .array/port v0x55ff7594c320, 15;
E_0x55ff7594bf70/4 .event edge, v0x55ff7594c320_13, v0x55ff7594c320_14, v0x55ff7594c320_15;
E_0x55ff7594bf70 .event/or E_0x55ff7594bf70/0, E_0x55ff7594bf70/1, E_0x55ff7594bf70/2, E_0x55ff7594bf70/3, E_0x55ff7594bf70/4;
S_0x55ff75951080 .scope module, "probador" "probadorEV" 3 59, 17 10 0, S_0x55ff758d0b50;
 .timescale -9 -12;
    .port_info 0 /INPUT 1 "fifo_pause_main";
    .port_info 1 /INPUT 1 "fifo_empty_d0";
    .port_info 2 /INPUT 1 "fifo_empty_d1";
    .port_info 3 /INPUT 5 "error_out_cond";
    .port_info 4 /INPUT 1 "active_out_cond";
    .port_info 5 /INPUT 1 "idle_out_cond";
    .port_info 6 /INPUT 6 "data_out_0_cond";
    .port_info 7 /INPUT 6 "data_out_1_cond";
    .port_info 8 /OUTPUT 1 "clk";
    .port_info 9 /OUTPUT 1 "reset_L";
    .port_info 10 /OUTPUT 6 "data_in";
    .port_info 11 /OUTPUT 1 "push_main";
    .port_info 12 /OUTPUT 1 "pop_d0";
    .port_info 13 /OUTPUT 1 "pop_d1";
    .port_info 14 /OUTPUT 1 "init";
    .port_info 15 /OUTPUT 2 "afMF_i";
    .port_info 16 /OUTPUT 2 "aeMF_i";
    .port_info 17 /OUTPUT 4 "afVC_i";
    .port_info 18 /OUTPUT 4 "aeVC_i";
    .port_info 19 /OUTPUT 2 "afDF_i";
    .port_info 20 /OUTPUT 2 "aeDF_i";
v0x55ff75951480_0 .net "active_out_cond", 0 0, v0x55ff75943360_0;  alias, 1 drivers
v0x55ff75951570_0 .var "aeDF_i", 1 0;
v0x55ff75951680_0 .var "aeMF_i", 1 0;
v0x55ff75951770_0 .var "aeVC_i", 3 0;
v0x55ff75951880_0 .var "afDF_i", 1 0;
v0x55ff759519e0_0 .var "afMF_i", 1 0;
v0x55ff75951af0_0 .var "afVC_i", 3 0;
v0x55ff75951c00_0 .var "clk", 0 0;
v0x55ff75951ca0_0 .var "data_in", 5 0;
v0x55ff75951d60_0 .net "data_out_0_cond", 5 0, v0x55ff7593e260_0;  alias, 1 drivers
v0x55ff75951e20_0 .net "data_out_1_cond", 5 0, v0x55ff759406d0_0;  alias, 1 drivers
v0x55ff75951f30_0 .net "error_out_cond", 4 0, v0x55ff759441a0_0;  alias, 1 drivers
v0x55ff75952040_0 .net "fifo_empty_d0", 0 0, v0x55ff7593e3e0_0;  alias, 1 drivers
v0x55ff75952130_0 .net "fifo_empty_d1", 0 0, v0x55ff759408e0_0;  alias, 1 drivers
v0x55ff75952220_0 .net "fifo_pause_main", 0 0, v0x55ff759471c0_0;  alias, 1 drivers
v0x55ff75952310_0 .net "idle_out_cond", 0 0, v0x55ff75944440_0;  alias, 1 drivers
v0x55ff75952400_0 .var "init", 0 0;
v0x55ff759524f0_0 .var "pop_d0", 0 0;
v0x55ff75952590_0 .var "pop_d1", 0 0;
v0x55ff75952630_0 .var "push_main", 0 0;
v0x55ff759526d0_0 .var "reset_L", 0 0;
    .scope S_0x55ff758f62c0;
T_0 ;
    %wait E_0x55ff758cd330;
    %load/vec4 v0x55ff758f9d10_0;
    %assign/vec4 v0x55ff75921550_0, 0;
    %jmp T_0;
    .thread T_0;
    .scope S_0x55ff758e70c0;
T_1 ;
    %wait E_0x55ff7582c800;
    %load/vec4 v0x55ff7593ba50_0;
    %flag_set/vec4 8;
    %jmp/0xz  T_1.0, 8;
    %pushi/vec4 1, 0, 1;
    %assign/vec4 v0x55ff7593b8f0_0, 0;
    %jmp T_1.1;
T_1.0 ;
    %load/vec4 v0x55ff7593b990_0;
    %flag_set/vec4 8;
    %jmp/0xz  T_1.2, 8;
    %pushi/vec4 0, 0, 1;
    %assign/vec4 v0x55ff7593b8f0_0, 0;
    %jmp T_1.3;
T_1.2 ;
    %load/vec4 v0x55ff7591bb30_0;
    %assign/vec4 v0x55ff7593b8f0_0, 0;
T_1.3 ;
T_1.1 ;
    %jmp T_1;
    .thread T_1;
    .scope S_0x55ff759429d0;
T_2 ;
    %wait E_0x55ff7593d190;
    %load/vec4 v0x55ff759445c0_0;
    %nor/r;
    %flag_set/vec4 8;
    %jmp/0xz  T_2.0, 8;
    %pushi/vec4 1, 0, 5;
    %assign/vec4 v0x55ff75944280_0, 0;
    %pushi/vec4 2, 0, 2;
    %assign/vec4 v0x55ff75943c70_0, 0;
    %pushi/vec4 2, 0, 2;
    %assign/vec4 v0x55ff75943750_0, 0;
    %pushi/vec4 10, 0, 4;
    %assign/vec4 v0x55ff75943e30_0, 0;
    %pushi/vec4 3, 0, 4;
    %assign/vec4 v0x55ff75943910_0, 0;
    %pushi/vec4 2, 0, 2;
    %assign/vec4 v0x55ff75943ad0_0, 0;
    %pushi/vec4 2, 0, 2;
    %assign/vec4 v0x55ff75943510_0, 0;
    %pushi/vec4 0, 0, 5;
    %assign/vec4 v0x55ff75943fb0_0, 0;
    %jmp T_2.1;
T_2.0 ;
    %load/vec4 v0x55ff75944360_0;
    %assign/vec4 v0x55ff75944280_0, 0;
    %load/vec4 v0x55ff75944280_0;
    %pad/u 32;
    %cmpi/e 2, 0, 32;
    %jmp/0xz  T_2.2, 4;
    %load/vec4 v0x55ff75943b90_0;
    %assign/vec4 v0x55ff75943c70_0, 0;
    %load/vec4 v0x55ff75943670_0;
    %assign/vec4 v0x55ff75943750_0, 0;
    %load/vec4 v0x55ff75943d50_0;
    %assign/vec4 v0x55ff75943e30_0, 0;
    %load/vec4 v0x55ff75943830_0;
    %assign/vec4 v0x55ff75943910_0, 0;
    %load/vec4 v0x55ff759439f0_0;
    %assign/vec4 v0x55ff75943ad0_0, 0;
    %load/vec4 v0x55ff75943430_0;
    %assign/vec4 v0x55ff75943510_0, 0;
T_2.2 ;
T_2.1 ;
    %jmp T_2;
    .thread T_2;
    .scope S_0x55ff759429d0;
T_3 ;
    %wait E_0x55ff75941540;
    %pushi/vec4 0, 0, 5;
    %store/vec4 v0x55ff759441a0_0, 0, 5;
    %pushi/vec4 0, 0, 1;
    %store/vec4 v0x55ff75943360_0, 0, 1;
    %pushi/vec4 0, 0, 1;
    %store/vec4 v0x55ff75944440_0, 0, 1;
    %pushi/vec4 1, 0, 5;
    %store/vec4 v0x55ff75944360_0, 0, 5;
    %load/vec4 v0x55ff75944280_0;
    %dup/vec4;
    %pushi/vec4 1, 0, 5;
    %cmp/u;
    %jmp/1 T_3.0, 6;
    %dup/vec4;
    %pushi/vec4 2, 0, 5;
    %cmp/u;
    %jmp/1 T_3.1, 6;
    %dup/vec4;
    %pushi/vec4 4, 0, 5;
    %cmp/u;
    %jmp/1 T_3.2, 6;
    %dup/vec4;
    %pushi/vec4 8, 0, 5;
    %cmp/u;
    %jmp/1 T_3.3, 6;
    %dup/vec4;
    %pushi/vec4 16, 0, 5;
    %cmp/u;
    %jmp/1 T_3.4, 6;
    %pushi/vec4 1, 0, 5;
    %store/vec4 v0x55ff75944360_0, 0, 5;
    %jmp T_3.6;
T_3.0 ;
    %pushi/vec4 2, 0, 5;
    %store/vec4 v0x55ff75944360_0, 0, 5;
    %pushi/vec4 0, 0, 5;
    %store/vec4 v0x55ff759441a0_0, 0, 5;
    %pushi/vec4 0, 0, 1;
    %store/vec4 v0x55ff75943360_0, 0, 1;
    %pushi/vec4 0, 0, 1;
    %store/vec4 v0x55ff75944440_0, 0, 1;
    %jmp T_3.6;
T_3.1 ;
    %load/vec4 v0x55ff75944500_0;
    %flag_set/vec4 8;
    %jmp/0xz  T_3.7, 8;
    %pushi/vec4 2, 0, 5;
    %store/vec4 v0x55ff75944360_0, 0, 5;
    %jmp T_3.8;
T_3.7 ;
    %pushi/vec4 4, 0, 5;
    %store/vec4 v0x55ff75944360_0, 0, 5;
T_3.8 ;
    %pushi/vec4 0, 0, 5;
    %store/vec4 v0x55ff759441a0_0, 0, 5;
    %pushi/vec4 0, 0, 1;
    %store/vec4 v0x55ff75943360_0, 0, 1;
    %pushi/vec4 0, 0, 1;
    %store/vec4 v0x55ff75944440_0, 0, 1;
    %jmp T_3.6;
T_3.2 ;
    %load/vec4 v0x55ff75943280_0;
    %pad/u 32;
    %cmpi/e 0, 0, 32;
    %jmp/0xz  T_3.9, 4;
    %load/vec4 v0x55ff75944500_0;
    %pad/u 32;
    %cmpi/e 1, 0, 32;
    %jmp/0xz  T_3.11, 4;
    %pushi/vec4 2, 0, 5;
    %store/vec4 v0x55ff75944360_0, 0, 5;
    %jmp T_3.12;
T_3.11 ;
    %load/vec4 v0x55ff75943180_0;
    %pad/u 32;
    %cmpi/e 31, 0, 32;
    %jmp/0xz  T_3.13, 4;
    %pushi/vec4 4, 0, 5;
    %store/vec4 v0x55ff75944360_0, 0, 5;
    %jmp T_3.14;
T_3.13 ;
    %pushi/vec4 8, 0, 5;
    %store/vec4 v0x55ff75944360_0, 0, 5;
T_3.14 ;
T_3.12 ;
    %pushi/vec4 0, 0, 5;
    %store/vec4 v0x55ff759441a0_0, 0, 5;
    %pushi/vec4 0, 0, 1;
    %store/vec4 v0x55ff75943360_0, 0, 1;
    %pushi/vec4 1, 0, 1;
    %store/vec4 v0x55ff75944440_0, 0, 1;
    %jmp T_3.10;
T_3.9 ;
    %pushi/vec4 16, 0, 5;
    %store/vec4 v0x55ff75944360_0, 0, 5;
    %load/vec4 v0x55ff75943280_0;
    %store/vec4 v0x55ff759441a0_0, 0, 5;
    %pushi/vec4 0, 0, 1;
    %store/vec4 v0x55ff75943360_0, 0, 1;
    %pushi/vec4 1, 0, 1;
    %store/vec4 v0x55ff75944440_0, 0, 1;
T_3.10 ;
    %jmp T_3.6;
T_3.3 ;
    %load/vec4 v0x55ff75943280_0;
    %pad/u 32;
    %cmpi/e 0, 0, 32;
    %jmp/0xz  T_3.15, 4;
    %load/vec4 v0x55ff75944500_0;
    %pad/u 32;
    %cmpi/e 1, 0, 32;
    %jmp/0xz  T_3.17, 4;
    %pushi/vec4 2, 0, 5;
    %store/vec4 v0x55ff75944360_0, 0, 5;
    %jmp T_3.18;
T_3.17 ;
    %load/vec4 v0x55ff75943180_0;
    %pad/u 32;
    %cmpi/e 31, 0, 32;
    %jmp/0xz  T_3.19, 4;
    %pushi/vec4 4, 0, 5;
    %store/vec4 v0x55ff75944360_0, 0, 5;
    %jmp T_3.20;
T_3.19 ;
    %pushi/vec4 8, 0, 5;
    %store/vec4 v0x55ff75944360_0, 0, 5;
T_3.20 ;
T_3.18 ;
    %pushi/vec4 0, 0, 5;
    %store/vec4 v0x55ff759441a0_0, 0, 5;
    %pushi/vec4 1, 0, 1;
    %store/vec4 v0x55ff75943360_0, 0, 1;
    %pushi/vec4 0, 0, 1;
    %store/vec4 v0x55ff75944440_0, 0, 1;
    %jmp T_3.16;
T_3.15 ;
    %pushi/vec4 16, 0, 5;
    %store/vec4 v0x55ff75944360_0, 0, 5;
    %load/vec4 v0x55ff75943280_0;
    %store/vec4 v0x55ff75943fb0_0, 0, 5;
    %load/vec4 v0x55ff75943280_0;
    %store/vec4 v0x55ff759441a0_0, 0, 5;
    %pushi/vec4 0, 0, 1;
    %store/vec4 v0x55ff75943360_0, 0, 1;
    %pushi/vec4 0, 0, 1;
    %store/vec4 v0x55ff75944440_0, 0, 1;
T_3.16 ;
    %jmp T_3.6;
T_3.4 ;
    %pushi/vec4 16, 0, 5;
    %store/vec4 v0x55ff75944360_0, 0, 5;
    %load/vec4 v0x55ff75943fb0_0;
    %store/vec4 v0x55ff759441a0_0, 0, 5;
    %pushi/vec4 0, 0, 1;
    %store/vec4 v0x55ff75943360_0, 0, 1;
    %pushi/vec4 0, 0, 1;
    %store/vec4 v0x55ff75944440_0, 0, 1;
    %jmp T_3.6;
T_3.6 ;
    %pop/vec4 1;
    %jmp T_3;
    .thread T_3, $push;
    .scope S_0x55ff75945930;
T_4 ;
    %wait E_0x55ff75945de0;
    %load/vec4 v0x55ff75946440_0;
    %inv;
    %load/vec4 v0x55ff759463a0_0;
    %and;
    %flag_set/vec4 8;
    %jmp/0 T_4.0, 8;
    %pushi/vec4 0, 0, 6;
    %jmp/1 T_4.1, 8;
T_4.0 ; End of true expr.
    %load/vec4 v0x55ff75946270_0;
    %pad/u 4;
    %ix/vec4 4;
    %load/vec4a v0x55ff75946120, 4;
    %jmp/0 T_4.1, 8;
 ; End of false expr.
    %blend;
T_4.1;
    %store/vec4 v0x55ff75946020_0, 0, 6;
    %jmp T_4;
    .thread T_4, $push;
    .scope S_0x55ff75945930;
T_5 ;
    %wait E_0x55ff7593d190;
    %load/vec4 v0x55ff759465a0_0;
    %flag_set/vec4 8;
    %jmp/0xz  T_5.0, 8;
    %load/vec4 v0x55ff75945f40_0;
    %load/vec4 v0x55ff759464e0_0;
    %pad/u 4;
    %ix/vec4 3;
    %ix/load 4, 0, 0; Constant delay
    %assign/vec4/a/d v0x55ff75946120, 0, 4;
T_5.0 ;
    %jmp T_5;
    .thread T_5;
    .scope S_0x55ff75945420;
T_6 ;
    %wait E_0x55ff75945880;
    %pushi/vec4 0, 0, 1;
    %store/vec4 v0x55ff75946fb0_0, 0, 1;
    %pushi/vec4 0, 0, 1;
    %store/vec4 v0x55ff75947120_0, 0, 1;
    %pushi/vec4 0, 0, 1;
    %store/vec4 v0x55ff75946a10_0, 0, 1;
    %pushi/vec4 0, 0, 1;
    %store/vec4 v0x55ff75946940_0, 0, 1;
    %pushi/vec4 0, 0, 1;
    %store/vec4 v0x55ff75946f10_0, 0, 1;
    %pushi/vec4 0, 0, 1;
    %store/vec4 v0x55ff75947050_0, 0, 1;
    %pushi/vec4 0, 0, 1;
    %store/vec4 v0x55ff759471c0_0, 0, 1;
    %load/vec4 v0x55ff75947470_0;
    %inv;
    %flag_set/vec4 8;
    %jmp/0xz  T_6.0, 8;
    %pushi/vec4 1, 0, 1;
    %store/vec4 v0x55ff75946fb0_0, 0, 1;
    %pushi/vec4 0, 0, 1;
    %store/vec4 v0x55ff75947120_0, 0, 1;
    %pushi/vec4 0, 0, 1;
    %store/vec4 v0x55ff75946a10_0, 0, 1;
    %pushi/vec4 0, 0, 1;
    %store/vec4 v0x55ff75946940_0, 0, 1;
    %pushi/vec4 0, 0, 1;
    %store/vec4 v0x55ff759471c0_0, 0, 1;
    %pushi/vec4 0, 0, 1;
    %store/vec4 v0x55ff75947050_0, 0, 1;
    %jmp T_6.1;
T_6.0 ;
    %load/vec4 v0x55ff75946c60_0;
    %pad/u 32;
    %cmpi/e 0, 0, 32;
    %jmp/0xz  T_6.2, 4;
    %pushi/vec4 1, 0, 1;
    %store/vec4 v0x55ff75946fb0_0, 0, 1;
    %pushi/vec4 0, 0, 1;
    %store/vec4 v0x55ff759471c0_0, 0, 1;
T_6.2 ;
    %load/vec4 v0x55ff75946c60_0;
    %pad/u 32;
    %cmpi/e 4, 0, 32;
    %jmp/0xz  T_6.4, 4;
    %pushi/vec4 1, 0, 1;
    %store/vec4 v0x55ff75947120_0, 0, 1;
T_6.4 ;
    %load/vec4 v0x55ff75946870_0;
    %pad/u 6;
    %load/vec4 v0x55ff75946c60_0;
    %cmp/u;
    %flag_or 5, 4;
    %jmp/0xz  T_6.6, 5;
    %pushi/vec4 1, 0, 1;
    %store/vec4 v0x55ff75946a10_0, 0, 1;
    %pushi/vec4 1, 0, 1;
    %store/vec4 v0x55ff759471c0_0, 0, 1;
T_6.6 ;
    %load/vec4 v0x55ff75946c60_0;
    %load/vec4 v0x55ff75946760_0;
    %pad/u 6;
    %cmp/u;
    %flag_get/vec4 4;
    %flag_get/vec4 5;
    %or;
    %load/vec4 v0x55ff75946c60_0;
    %pad/u 32;
    %pushi/vec4 0, 0, 32;
    %cmp/ne;
    %flag_get/vec4 4;
    %and;
    %flag_set/vec4 8;
    %jmp/0xz  T_6.8, 8;
    %pushi/vec4 1, 0, 1;
    %store/vec4 v0x55ff75946940_0, 0, 1;
    %pushi/vec4 0, 0, 1;
    %store/vec4 v0x55ff759471c0_0, 0, 1;
T_6.8 ;
    %load/vec4 v0x55ff75947300_0;
    %load/vec4 v0x55ff75947120_0;
    %and;
    %flag_set/vec4 8;
    %jmp/0xz  T_6.10, 8;
    %pushi/vec4 1, 0, 1;
    %store/vec4 v0x55ff75947050_0, 0, 1;
T_6.10 ;
    %load/vec4 v0x55ff75947260_0;
    %load/vec4 v0x55ff75946fb0_0;
    %and;
    %flag_set/vec4 8;
    %jmp/0xz  T_6.12, 8;
    %pushi/vec4 1, 0, 1;
    %store/vec4 v0x55ff75947050_0, 0, 1;
T_6.12 ;
T_6.1 ;
    %jmp T_6;
    .thread T_6, $push;
    .scope S_0x55ff75945420;
T_7 ;
    %wait E_0x55ff7593d190;
    %load/vec4 v0x55ff75947470_0;
    %nor/r;
    %flag_set/vec4 8;
    %jmp/0xz  T_7.0, 8;
    %pushi/vec4 0, 0, 6;
    %assign/vec4 v0x55ff75946c60_0, 0;
    %pushi/vec4 0, 0, 2;
    %assign/vec4 v0x55ff75947620_0, 0;
    %pushi/vec4 0, 0, 2;
    %assign/vec4 v0x55ff759473a0_0, 0;
    %pushi/vec4 0, 0, 1;
    %assign/vec4 v0x55ff75946f10_0, 0;
    %jmp T_7.1;
T_7.0 ;
    %load/vec4 v0x55ff75947120_0;
    %nor/r;
    %load/vec4 v0x55ff75947300_0;
    %and;
    %flag_set/vec4 8;
    %jmp/0xz  T_7.2, 8;
    %load/vec4 v0x55ff75947620_0;
    %addi 1, 0, 2;
    %assign/vec4 v0x55ff75947620_0, 0;
    %load/vec4 v0x55ff75946fb0_0;
    %nor/r;
    %load/vec4 v0x55ff75947260_0;
    %and;
    %flag_set/vec4 8;
    %jmp/0xz  T_7.4, 8;
    %load/vec4 v0x55ff759473a0_0;
    %addi 1, 0, 2;
    %assign/vec4 v0x55ff759473a0_0, 0;
    %load/vec4 v0x55ff75946c60_0;
    %assign/vec4 v0x55ff75946c60_0, 0;
    %jmp T_7.5;
T_7.4 ;
    %load/vec4 v0x55ff759473a0_0;
    %assign/vec4 v0x55ff759473a0_0, 0;
    %load/vec4 v0x55ff75946c60_0;
    %addi 1, 0, 6;
    %assign/vec4 v0x55ff75946c60_0, 0;
T_7.5 ;
    %jmp T_7.3;
T_7.2 ;
    %load/vec4 v0x55ff75946fb0_0;
    %nor/r;
    %load/vec4 v0x55ff75947260_0;
    %and;
    %flag_set/vec4 8;
    %jmp/0xz  T_7.6, 8;
    %load/vec4 v0x55ff759473a0_0;
    %addi 1, 0, 2;
    %assign/vec4 v0x55ff759473a0_0, 0;
    %load/vec4 v0x55ff75947620_0;
    %assign/vec4 v0x55ff75947620_0, 0;
    %load/vec4 v0x55ff75946c60_0;
    %subi 1, 0, 6;
    %assign/vec4 v0x55ff75946c60_0, 0;
    %jmp T_7.7;
T_7.6 ;
    %load/vec4 v0x55ff759473a0_0;
    %assign/vec4 v0x55ff759473a0_0, 0;
    %load/vec4 v0x55ff75947620_0;
    %assign/vec4 v0x55ff75947620_0, 0;
    %load/vec4 v0x55ff75946c60_0;
    %assign/vec4 v0x55ff75946c60_0, 0;
T_7.7 ;
T_7.3 ;
T_7.1 ;
    %jmp T_7;
    .thread T_7;
    .scope S_0x55ff75944990;
T_8 ;
    %wait E_0x55ff75944c40;
    %load/vec4 v0x55ff759451b0_0;
    %inv;
    %flag_set/vec4 8;
    %jmp/0xz  T_8.0, 8;
    %pushi/vec4 0, 0, 1;
    %store/vec4 v0x55ff759450f0_0, 0, 1;
    %pushi/vec4 0, 0, 1;
    %store/vec4 v0x55ff75944fe0_0, 0, 1;
    %pushi/vec4 0, 0, 1;
    %store/vec4 v0x55ff75945250_0, 0, 1;
    %jmp T_8.1;
T_8.0 ;
    %load/vec4 v0x55ff75944e80_0;
    %load/vec4 v0x55ff75944f20_0;
    %or;
    %nor/r;
    %load/vec4 v0x55ff75944ce0_0;
    %nor/r;
    %and;
    %flag_set/vec4 8;
    %jmp/0xz  T_8.2, 8;
    %pushi/vec4 1, 0, 1;
    %store/vec4 v0x55ff759450f0_0, 0, 1;
    %pushi/vec4 1, 0, 1;
    %store/vec4 v0x55ff75944fe0_0, 0, 1;
    %jmp T_8.3;
T_8.2 ;
    %pushi/vec4 0, 0, 1;
    %store/vec4 v0x55ff759450f0_0, 0, 1;
    %pushi/vec4 0, 0, 1;
    %store/vec4 v0x55ff75944fe0_0, 0, 1;
T_8.3 ;
    %load/vec4 v0x55ff759450f0_0;
    %load/vec4 v0x55ff75944dc0_0;
    %nor/r;
    %and;
    %store/vec4 v0x55ff75945250_0, 0, 1;
T_8.1 ;
    %jmp T_8;
    .thread T_8, $push;
    .scope S_0x55ff75941e00;
T_9 ;
    %wait E_0x55ff759421a0;
    %pushi/vec4 0, 0, 6;
    %store/vec4 v0x55ff759423c0_0, 0, 6;
    %pushi/vec4 0, 0, 6;
    %store/vec4 v0x55ff75942480_0, 0, 6;
    %pushi/vec4 0, 0, 1;
    %store/vec4 v0x55ff75942560_0, 0, 1;
    %pushi/vec4 0, 0, 1;
    %store/vec4 v0x55ff75942670_0, 0, 1;
    %load/vec4 v0x55ff759422e0_0;
    %parti/s 1, 5, 4;
    %store/vec4 v0x55ff75942730_0, 0, 1;
    %load/vec4 v0x55ff759427f0_0;
    %flag_set/vec4 8;
    %jmp/0xz  T_9.0, 8;
    %load/vec4 v0x55ff75942730_0;
    %inv;
    %flag_set/vec4 8;
    %jmp/0 T_9.2, 8;
    %load/vec4 v0x55ff759422e0_0;
    %jmp/1 T_9.3, 8;
T_9.2 ; End of true expr.
    %pushi/vec4 0, 0, 6;
    %jmp/0 T_9.3, 8;
 ; End of false expr.
    %blend;
T_9.3;
    %store/vec4 v0x55ff759423c0_0, 0, 6;
    %load/vec4 v0x55ff75942730_0;
    %inv;
    %flag_set/vec4 8;
    %jmp/0 T_9.4, 8;
    %pushi/vec4 1, 0, 2;
    %jmp/1 T_9.5, 8;
T_9.4 ; End of true expr.
    %pushi/vec4 0, 0, 2;
    %jmp/0 T_9.5, 8;
 ; End of false expr.
    %blend;
T_9.5;
    %pad/u 1;
    %store/vec4 v0x55ff75942560_0, 0, 1;
    %load/vec4 v0x55ff75942730_0;
    %flag_set/vec4 8;
    %jmp/0 T_9.6, 8;
    %load/vec4 v0x55ff759422e0_0;
    %jmp/1 T_9.7, 8;
T_9.6 ; End of true expr.
    %pushi/vec4 0, 0, 6;
    %jmp/0 T_9.7, 8;
 ; End of false expr.
    %blend;
T_9.7;
    %store/vec4 v0x55ff75942480_0, 0, 6;
    %load/vec4 v0x55ff75942730_0;
    %flag_set/vec4 8;
    %jmp/0 T_9.8, 8;
    %pushi/vec4 1, 0, 2;
    %jmp/1 T_9.9, 8;
T_9.8 ; End of true expr.
    %pushi/vec4 0, 0, 2;
    %jmp/0 T_9.9, 8;
 ; End of false expr.
    %blend;
T_9.9;
    %pad/u 1;
    %store/vec4 v0x55ff75942670_0, 0, 1;
T_9.0 ;
    %jmp T_9;
    .thread T_9, $push;
    .scope S_0x55ff75949450;
T_10 ;
    %wait E_0x55ff75949900;
    %load/vec4 v0x55ff7594a100_0;
    %inv;
    %load/vec4 v0x55ff7594a060_0;
    %and;
    %flag_set/vec4 8;
    %jmp/0 T_10.0, 8;
    %pushi/vec4 0, 0, 6;
    %jmp/1 T_10.1, 8;
T_10.0 ; End of true expr.
    %load/vec4 v0x55ff75949f30_0;
    %pad/u 6;
    %ix/vec4 4;
    %load/vec4a v0x55ff75949cb0, 4;
    %jmp/0 T_10.1, 8;
 ; End of false expr.
    %blend;
T_10.1;
    %store/vec4 v0x55ff75949bb0_0, 0, 6;
    %jmp T_10;
    .thread T_10, $push;
    .scope S_0x55ff75949450;
T_11 ;
    %wait E_0x55ff7593d190;
    %load/vec4 v0x55ff7594a370_0;
    %flag_set/vec4 8;
    %jmp/0xz  T_11.0, 8;
    %load/vec4 v0x55ff75949ac0_0;
    %load/vec4 v0x55ff7594a2b0_0;
    %pad/u 6;
    %ix/vec4 3;
    %ix/load 4, 0, 0; Constant delay
    %assign/vec4/a/d v0x55ff75949cb0, 0, 4;
T_11.0 ;
    %jmp T_11;
    .thread T_11;
    .scope S_0x55ff75948ee0;
T_12 ;
    %wait E_0x55ff759493a0;
    %pushi/vec4 0, 0, 1;
    %store/vec4 v0x55ff7594ad60_0, 0, 1;
    %pushi/vec4 0, 0, 1;
    %store/vec4 v0x55ff7594aea0_0, 0, 1;
    %pushi/vec4 0, 0, 1;
    %store/vec4 v0x55ff7594a7d0_0, 0, 1;
    %pushi/vec4 0, 0, 1;
    %store/vec4 v0x55ff7594a700_0, 0, 1;
    %pushi/vec4 0, 0, 1;
    %store/vec4 v0x55ff7594ac10_0, 0, 1;
    %pushi/vec4 0, 0, 1;
    %store/vec4 v0x55ff7594ae00_0, 0, 1;
    %pushi/vec4 0, 0, 1;
    %store/vec4 v0x55ff7594af60_0, 0, 1;
    %load/vec4 v0x55ff7594b230_0;
    %inv;
    %flag_set/vec4 8;
    %jmp/0xz  T_12.0, 8;
    %pushi/vec4 1, 0, 1;
    %store/vec4 v0x55ff7594ad60_0, 0, 1;
    %pushi/vec4 0, 0, 1;
    %store/vec4 v0x55ff7594aea0_0, 0, 1;
    %pushi/vec4 0, 0, 1;
    %store/vec4 v0x55ff7594a7d0_0, 0, 1;
    %pushi/vec4 0, 0, 1;
    %store/vec4 v0x55ff7594a700_0, 0, 1;
    %pushi/vec4 0, 0, 1;
    %store/vec4 v0x55ff7594af60_0, 0, 1;
    %pushi/vec4 0, 0, 1;
    %store/vec4 v0x55ff7594ae00_0, 0, 1;
    %jmp T_12.1;
T_12.0 ;
    %load/vec4 v0x55ff7594a910_0;
    %pad/u 32;
    %cmpi/e 0, 0, 32;
    %jmp/0xz  T_12.2, 4;
    %pushi/vec4 1, 0, 1;
    %store/vec4 v0x55ff7594ad60_0, 0, 1;
    %pushi/vec4 0, 0, 1;
    %store/vec4 v0x55ff7594af60_0, 0, 1;
T_12.2 ;
    %load/vec4 v0x55ff7594a910_0;
    %pad/u 32;
    %cmpi/e 16, 0, 32;
    %jmp/0xz  T_12.4, 4;
    %pushi/vec4 1, 0, 1;
    %store/vec4 v0x55ff7594aea0_0, 0, 1;
T_12.4 ;
    %load/vec4 v0x55ff7594a630_0;
    %pad/u 6;
    %load/vec4 v0x55ff7594a910_0;
    %cmp/u;
    %flag_or 5, 4;
    %jmp/0xz  T_12.6, 5;
    %pushi/vec4 1, 0, 1;
    %store/vec4 v0x55ff7594a7d0_0, 0, 1;
    %pushi/vec4 1, 0, 1;
    %store/vec4 v0x55ff7594af60_0, 0, 1;
T_12.6 ;
    %load/vec4 v0x55ff7594a910_0;
    %load/vec4 v0x55ff7594a520_0;
    %pad/u 6;
    %cmp/u;
    %flag_get/vec4 4;
    %flag_get/vec4 5;
    %or;
    %load/vec4 v0x55ff7594a910_0;
    %pad/u 32;
    %pushi/vec4 0, 0, 32;
    %cmp/ne;
    %flag_get/vec4 4;
    %and;
    %flag_set/vec4 8;
    %jmp/0xz  T_12.8, 8;
    %pushi/vec4 1, 0, 1;
    %store/vec4 v0x55ff7594a700_0, 0, 1;
    %pushi/vec4 0, 0, 1;
    %store/vec4 v0x55ff7594af60_0, 0, 1;
T_12.8 ;
    %load/vec4 v0x55ff7594b0a0_0;
    %load/vec4 v0x55ff7594aea0_0;
    %and;
    %flag_set/vec4 8;
    %jmp/0xz  T_12.10, 8;
    %pushi/vec4 1, 0, 1;
    %store/vec4 v0x55ff7594ae00_0, 0, 1;
T_12.10 ;
    %load/vec4 v0x55ff7594b000_0;
    %load/vec4 v0x55ff7594ad60_0;
    %and;
    %flag_set/vec4 8;
    %jmp/0xz  T_12.12, 8;
    %pushi/vec4 1, 0, 1;
    %store/vec4 v0x55ff7594ae00_0, 0, 1;
T_12.12 ;
T_12.1 ;
    %jmp T_12;
    .thread T_12, $push;
    .scope S_0x55ff75948ee0;
T_13 ;
    %wait E_0x55ff7593d190;
    %load/vec4 v0x55ff7594b230_0;
    %nor/r;
    %flag_set/vec4 8;
    %jmp/0xz  T_13.0, 8;
    %pushi/vec4 0, 0, 6;
    %assign/vec4 v0x55ff7594a910_0, 0;
    %pushi/vec4 0, 0, 4;
    %assign/vec4 v0x55ff7594b3e0_0, 0;
    %pushi/vec4 0, 0, 4;
    %assign/vec4 v0x55ff7594b190_0, 0;
    %pushi/vec4 0, 0, 1;
    %assign/vec4 v0x55ff7594ac10_0, 0;
    %jmp T_13.1;
T_13.0 ;
    %load/vec4 v0x55ff7594aea0_0;
    %nor/r;
    %load/vec4 v0x55ff7594b0a0_0;
    %and;
    %flag_set/vec4 8;
    %jmp/0xz  T_13.2, 8;
    %load/vec4 v0x55ff7594b3e0_0;
    %addi 1, 0, 4;
    %assign/vec4 v0x55ff7594b3e0_0, 0;
    %load/vec4 v0x55ff7594ad60_0;
    %nor/r;
    %load/vec4 v0x55ff7594b000_0;
    %and;
    %flag_set/vec4 8;
    %jmp/0xz  T_13.4, 8;
    %load/vec4 v0x55ff7594b190_0;
    %addi 1, 0, 4;
    %assign/vec4 v0x55ff7594b190_0, 0;
    %load/vec4 v0x55ff7594a910_0;
    %assign/vec4 v0x55ff7594a910_0, 0;
    %jmp T_13.5;
T_13.4 ;
    %load/vec4 v0x55ff7594b190_0;
    %assign/vec4 v0x55ff7594b190_0, 0;
    %load/vec4 v0x55ff7594a910_0;
    %addi 1, 0, 6;
    %assign/vec4 v0x55ff7594a910_0, 0;
T_13.5 ;
    %jmp T_13.3;
T_13.2 ;
    %load/vec4 v0x55ff7594ad60_0;
    %nor/r;
    %load/vec4 v0x55ff7594b000_0;
    %and;
    %flag_set/vec4 8;
    %jmp/0xz  T_13.6, 8;
    %load/vec4 v0x55ff7594b190_0;
    %addi 1, 0, 4;
    %assign/vec4 v0x55ff7594b190_0, 0;
    %load/vec4 v0x55ff7594b3e0_0;
    %assign/vec4 v0x55ff7594b3e0_0, 0;
    %load/vec4 v0x55ff7594a910_0;
    %subi 1, 0, 6;
    %assign/vec4 v0x55ff7594a910_0, 0;
    %jmp T_13.7;
T_13.6 ;
    %load/vec4 v0x55ff7594b190_0;
    %assign/vec4 v0x55ff7594b190_0, 0;
    %load/vec4 v0x55ff7594b3e0_0;
    %assign/vec4 v0x55ff7594b3e0_0, 0;
    %load/vec4 v0x55ff7594a910_0;
    %assign/vec4 v0x55ff7594a910_0, 0;
T_13.7 ;
T_13.3 ;
T_13.1 ;
    %jmp T_13;
    .thread T_13;
    .scope S_0x55ff7594bac0;
T_14 ;
    %wait E_0x55ff7594bf70;
    %load/vec4 v0x55ff7594c770_0;
    %inv;
    %load/vec4 v0x55ff7594c6d0_0;
    %and;
    %flag_set/vec4 8;
    %jmp/0 T_14.0, 8;
    %pushi/vec4 0, 0, 6;
    %jmp/1 T_14.1, 8;
T_14.0 ; End of true expr.
    %load/vec4 v0x55ff7594c5a0_0;
    %pad/u 6;
    %ix/vec4 4;
    %load/vec4a v0x55ff7594c320, 4;
    %jmp/0 T_14.1, 8;
 ; End of false expr.
    %blend;
T_14.1;
    %store/vec4 v0x55ff7594c220_0, 0, 6;
    %jmp T_14;
    .thread T_14, $push;
    .scope S_0x55ff7594bac0;
T_15 ;
    %wait E_0x55ff7593d190;
    %load/vec4 v0x55ff7594c8d0_0;
    %flag_set/vec4 8;
    %jmp/0xz  T_15.0, 8;
    %load/vec4 v0x55ff7594c130_0;
    %load/vec4 v0x55ff7594c810_0;
    %pad/u 6;
    %ix/vec4 3;
    %ix/load 4, 0, 0; Constant delay
    %assign/vec4/a/d v0x55ff7594c320, 0, 4;
T_15.0 ;
    %jmp T_15;
    .thread T_15;
    .scope S_0x55ff7594b5c0;
T_16 ;
    %wait E_0x55ff7594ba10;
    %pushi/vec4 0, 0, 1;
    %store/vec4 v0x55ff7594d3a0_0, 0, 1;
    %pushi/vec4 0, 0, 1;
    %store/vec4 v0x55ff7594d4e0_0, 0, 1;
    %pushi/vec4 0, 0, 1;
    %store/vec4 v0x55ff7594cda0_0, 0, 1;
    %pushi/vec4 0, 0, 1;
    %store/vec4 v0x55ff7594cd00_0, 0, 1;
    %pushi/vec4 0, 0, 1;
    %store/vec4 v0x55ff7594d250_0, 0, 1;
    %pushi/vec4 0, 0, 1;
    %store/vec4 v0x55ff7594d440_0, 0, 1;
    %pushi/vec4 0, 0, 1;
    %store/vec4 v0x55ff7594d5a0_0, 0, 1;
    %load/vec4 v0x55ff7594d870_0;
    %inv;
    %flag_set/vec4 8;
    %jmp/0xz  T_16.0, 8;
    %pushi/vec4 1, 0, 1;
    %store/vec4 v0x55ff7594d3a0_0, 0, 1;
    %pushi/vec4 0, 0, 1;
    %store/vec4 v0x55ff7594d4e0_0, 0, 1;
    %pushi/vec4 0, 0, 1;
    %store/vec4 v0x55ff7594cda0_0, 0, 1;
    %pushi/vec4 0, 0, 1;
    %store/vec4 v0x55ff7594cd00_0, 0, 1;
    %pushi/vec4 0, 0, 1;
    %store/vec4 v0x55ff7594d5a0_0, 0, 1;
    %pushi/vec4 0, 0, 1;
    %store/vec4 v0x55ff7594d440_0, 0, 1;
    %jmp T_16.1;
T_16.0 ;
    %load/vec4 v0x55ff7594cf50_0;
    %pad/u 32;
    %cmpi/e 0, 0, 32;
    %jmp/0xz  T_16.2, 4;
    %pushi/vec4 1, 0, 1;
    %store/vec4 v0x55ff7594d3a0_0, 0, 1;
    %pushi/vec4 0, 0, 1;
    %store/vec4 v0x55ff7594d5a0_0, 0, 1;
T_16.2 ;
    %load/vec4 v0x55ff7594cf50_0;
    %pad/u 32;
    %cmpi/e 16, 0, 32;
    %jmp/0xz  T_16.4, 4;
    %pushi/vec4 1, 0, 1;
    %store/vec4 v0x55ff7594d4e0_0, 0, 1;
T_16.4 ;
    %load/vec4 v0x55ff7594cbf0_0;
    %pad/u 6;
    %load/vec4 v0x55ff7594cf50_0;
    %cmp/u;
    %flag_or 5, 4;
    %jmp/0xz  T_16.6, 5;
    %pushi/vec4 1, 0, 1;
    %store/vec4 v0x55ff7594cda0_0, 0, 1;
    %pushi/vec4 1, 0, 1;
    %store/vec4 v0x55ff7594d5a0_0, 0, 1;
T_16.6 ;
    %load/vec4 v0x55ff7594cf50_0;
    %load/vec4 v0x55ff7594cb10_0;
    %pad/u 6;
    %cmp/u;
    %flag_get/vec4 4;
    %flag_get/vec4 5;
    %or;
    %load/vec4 v0x55ff7594cf50_0;
    %pad/u 32;
    %pushi/vec4 0, 0, 32;
    %cmp/ne;
    %flag_get/vec4 4;
    %and;
    %flag_set/vec4 8;
    %jmp/0xz  T_16.8, 8;
    %pushi/vec4 1, 0, 1;
    %store/vec4 v0x55ff7594cd00_0, 0, 1;
    %pushi/vec4 0, 0, 1;
    %store/vec4 v0x55ff7594d5a0_0, 0, 1;
T_16.8 ;
    %load/vec4 v0x55ff7594d6e0_0;
    %load/vec4 v0x55ff7594d4e0_0;
    %and;
    %flag_set/vec4 8;
    %jmp/0xz  T_16.10, 8;
    %pushi/vec4 1, 0, 1;
    %store/vec4 v0x55ff7594d440_0, 0, 1;
T_16.10 ;
    %load/vec4 v0x55ff7594d640_0;
    %load/vec4 v0x55ff7594d3a0_0;
    %and;
    %flag_set/vec4 8;
    %jmp/0xz  T_16.12, 8;
    %pushi/vec4 1, 0, 1;
    %store/vec4 v0x55ff7594d440_0, 0, 1;
T_16.12 ;
T_16.1 ;
    %jmp T_16;
    .thread T_16, $push;
    .scope S_0x55ff7594b5c0;
T_17 ;
    %wait E_0x55ff7593d190;
    %load/vec4 v0x55ff7594d870_0;
    %nor/r;
    %flag_set/vec4 8;
    %jmp/0xz  T_17.0, 8;
    %pushi/vec4 0, 0, 6;
    %assign/vec4 v0x55ff7594cf50_0, 0;
    %pushi/vec4 0, 0, 4;
    %assign/vec4 v0x55ff7594da20_0, 0;
    %pushi/vec4 0, 0, 4;
    %assign/vec4 v0x55ff7594d7d0_0, 0;
    %pushi/vec4 0, 0, 1;
    %assign/vec4 v0x55ff7594d250_0, 0;
    %jmp T_17.1;
T_17.0 ;
    %load/vec4 v0x55ff7594d4e0_0;
    %nor/r;
    %load/vec4 v0x55ff7594d6e0_0;
    %and;
    %flag_set/vec4 8;
    %jmp/0xz  T_17.2, 8;
    %load/vec4 v0x55ff7594da20_0;
    %addi 1, 0, 4;
    %assign/vec4 v0x55ff7594da20_0, 0;
    %load/vec4 v0x55ff7594d3a0_0;
    %nor/r;
    %load/vec4 v0x55ff7594d640_0;
    %and;
    %flag_set/vec4 8;
    %jmp/0xz  T_17.4, 8;
    %load/vec4 v0x55ff7594d7d0_0;
    %addi 1, 0, 4;
    %assign/vec4 v0x55ff7594d7d0_0, 0;
    %load/vec4 v0x55ff7594cf50_0;
    %assign/vec4 v0x55ff7594cf50_0, 0;
    %jmp T_17.5;
T_17.4 ;
    %load/vec4 v0x55ff7594d7d0_0;
    %assign/vec4 v0x55ff7594d7d0_0, 0;
    %load/vec4 v0x55ff7594cf50_0;
    %addi 1, 0, 6;
    %assign/vec4 v0x55ff7594cf50_0, 0;
T_17.5 ;
    %jmp T_17.3;
T_17.2 ;
    %load/vec4 v0x55ff7594d3a0_0;
    %nor/r;
    %load/vec4 v0x55ff7594d640_0;
    %and;
    %flag_set/vec4 8;
    %jmp/0xz  T_17.6, 8;
    %load/vec4 v0x55ff7594d7d0_0;
    %addi 1, 0, 4;
    %assign/vec4 v0x55ff7594d7d0_0, 0;
    %load/vec4 v0x55ff7594da20_0;
    %assign/vec4 v0x55ff7594da20_0, 0;
    %load/vec4 v0x55ff7594cf50_0;
    %subi 1, 0, 6;
    %assign/vec4 v0x55ff7594cf50_0, 0;
    %jmp T_17.7;
T_17.6 ;
    %load/vec4 v0x55ff7594d7d0_0;
    %assign/vec4 v0x55ff7594d7d0_0, 0;
    %load/vec4 v0x55ff7594da20_0;
    %assign/vec4 v0x55ff7594da20_0, 0;
    %load/vec4 v0x55ff7594cf50_0;
    %assign/vec4 v0x55ff7594cf50_0, 0;
T_17.7 ;
T_17.3 ;
T_17.1 ;
    %jmp T_17;
    .thread T_17;
    .scope S_0x55ff75948440;
T_18 ;
    %wait E_0x55ff75947ae0;
    %load/vec4 v0x55ff75948920_0;
    %load/vec4 v0x55ff75948a20_0;
    %or;
    %nor/r;
    %load/vec4 v0x55ff75948780_0;
    %nor/r;
    %and;
    %store/vec4 v0x55ff75948af0_0, 0, 1;
    %load/vec4 v0x55ff75948920_0;
    %load/vec4 v0x55ff75948a20_0;
    %or;
    %nor/r;
    %load/vec4 v0x55ff75948860_0;
    %nor/r;
    %and;
    %load/vec4 v0x55ff75948780_0;
    %and;
    %store/vec4 v0x55ff75948be0_0, 0, 1;
    %load/vec4 v0x55ff75948920_0;
    %load/vec4 v0x55ff75948a20_0;
    %or;
    %nor/r;
    %load/vec4 v0x55ff75948780_0;
    %nor/r;
    %and;
    %store/vec4 v0x55ff75948cb0_0, 0, 1;
    %load/vec4 v0x55ff75948920_0;
    %load/vec4 v0x55ff75948a20_0;
    %or;
    %nor/r;
    %load/vec4 v0x55ff75948860_0;
    %nor/r;
    %and;
    %load/vec4 v0x55ff75948860_0;
    %and;
    %store/vec4 v0x55ff75948d50_0, 0, 1;
    %jmp T_18;
    .thread T_18, $push;
    .scope S_0x55ff75947830;
T_19 ;
    %wait E_0x55ff75947b20;
    %pushi/vec4 0, 0, 6;
    %store/vec4 v0x55ff759480e0_0, 0, 6;
    %pushi/vec4 0, 0, 6;
    %store/vec4 v0x55ff759481c0_0, 0, 6;
    %pushi/vec4 0, 0, 1;
    %store/vec4 v0x55ff759482a0_0, 0, 1;
    %load/vec4 v0x55ff75947f10_0;
    %flag_set/vec4 8;
    %jmp/0xz  T_19.0, 8;
    %pushi/vec4 1, 0, 1;
    %store/vec4 v0x55ff759482a0_0, 0, 1;
    %load/vec4 v0x55ff75947d60_0;
    %store/vec4 v0x55ff759480e0_0, 0, 6;
    %jmp T_19.1;
T_19.0 ;
    %pushi/vec4 0, 0, 6;
    %store/vec4 v0x55ff759480e0_0, 0, 6;
    %pushi/vec4 0, 0, 1;
    %store/vec4 v0x55ff759482a0_0, 0, 1;
T_19.1 ;
    %load/vec4 v0x55ff75948020_0;
    %flag_set/vec4 8;
    %jmp/0xz  T_19.2, 8;
    %load/vec4 v0x55ff75947e30_0;
    %store/vec4 v0x55ff759481c0_0, 0, 6;
    %pushi/vec4 1, 0, 1;
    %store/vec4 v0x55ff759482a0_0, 0, 1;
    %jmp T_19.3;
T_19.2 ;
    %pushi/vec4 0, 0, 6;
    %store/vec4 v0x55ff759481c0_0, 0, 6;
    %pushi/vec4 0, 0, 1;
    %store/vec4 v0x55ff759482a0_0, 0, 1;
T_19.3 ;
    %jmp T_19;
    .thread T_19, $push;
    .scope S_0x55ff75947830;
T_20 ;
    %wait E_0x55ff7593d190;
    %load/vec4 v0x55ff75947f10_0;
    %flag_set/vec4 8;
    %jmp/0 T_20.0, 8;
    %load/vec4 v0x55ff759480e0_0;
    %jmp/1 T_20.1, 8;
T_20.0 ; End of true expr.
    %load/vec4 v0x55ff759481c0_0;
    %jmp/0 T_20.1, 8;
 ; End of false expr.
    %blend;
T_20.1;
    %assign/vec4 v0x55ff75947c70_0, 0;
    %jmp T_20;
    .thread T_20;
    .scope S_0x55ff759411f0;
T_21 ;
    %wait E_0x55ff75941580;
    %pushi/vec4 0, 0, 6;
    %store/vec4 v0x55ff759416a0_0, 0, 6;
    %pushi/vec4 0, 0, 6;
    %store/vec4 v0x55ff75941760_0, 0, 6;
    %pushi/vec4 0, 0, 1;
    %store/vec4 v0x55ff75941930_0, 0, 1;
    %pushi/vec4 0, 0, 1;
    %store/vec4 v0x55ff75941a70_0, 0, 1;
    %load/vec4 v0x55ff75941850_0;
    %parti/s 1, 4, 4;
    %store/vec4 v0x55ff75941b60_0, 0, 1;
    %load/vec4 v0x55ff75941c20_0;
    %flag_set/vec4 8;
    %jmp/0xz  T_21.0, 8;
    %load/vec4 v0x55ff75941b60_0;
    %inv;
    %flag_set/vec4 8;
    %jmp/0 T_21.2, 8;
    %load/vec4 v0x55ff75941850_0;
    %jmp/1 T_21.3, 8;
T_21.2 ; End of true expr.
    %pushi/vec4 0, 0, 6;
    %jmp/0 T_21.3, 8;
 ; End of false expr.
    %blend;
T_21.3;
    %store/vec4 v0x55ff759416a0_0, 0, 6;
    %load/vec4 v0x55ff75941b60_0;
    %inv;
    %flag_set/vec4 8;
    %jmp/0 T_21.4, 8;
    %pushi/vec4 1, 0, 2;
    %jmp/1 T_21.5, 8;
T_21.4 ; End of true expr.
    %pushi/vec4 0, 0, 2;
    %jmp/0 T_21.5, 8;
 ; End of false expr.
    %blend;
T_21.5;
    %pad/u 1;
    %store/vec4 v0x55ff75941930_0, 0, 1;
    %load/vec4 v0x55ff75941b60_0;
    %flag_set/vec4 8;
    %jmp/0 T_21.6, 8;
    %load/vec4 v0x55ff75941850_0;
    %jmp/1 T_21.7, 8;
T_21.6 ; End of true expr.
    %pushi/vec4 0, 0, 6;
    %jmp/0 T_21.7, 8;
 ; End of false expr.
    %blend;
T_21.7;
    %store/vec4 v0x55ff75941760_0, 0, 6;
    %load/vec4 v0x55ff75941b60_0;
    %flag_set/vec4 8;
    %jmp/0 T_21.8, 8;
    %pushi/vec4 1, 0, 2;
    %jmp/1 T_21.9, 8;
T_21.8 ; End of true expr.
    %pushi/vec4 0, 0, 2;
    %jmp/0 T_21.9, 8;
 ; End of false expr.
    %blend;
T_21.9;
    %pad/u 1;
    %store/vec4 v0x55ff75941a70_0, 0, 1;
T_21.0 ;
    %jmp T_21;
    .thread T_21, $push;
    .scope S_0x55ff7593cd70;
T_22 ;
    %wait E_0x55ff7593d210;
    %load/vec4 v0x55ff7593d8a0_0;
    %inv;
    %load/vec4 v0x55ff7593d7e0_0;
    %and;
    %flag_set/vec4 8;
    %jmp/0 T_22.0, 8;
    %pushi/vec4 0, 0, 6;
    %jmp/1 T_22.1, 8;
T_22.0 ; End of true expr.
    %load/vec4 v0x55ff7593d6b0_0;
    %pad/u 4;
    %ix/vec4 4;
    %load/vec4a v0x55ff7593d540, 4;
    %jmp/0 T_22.1, 8;
 ; End of false expr.
    %blend;
T_22.1;
    %store/vec4 v0x55ff7593d450_0, 0, 6;
    %jmp T_22;
    .thread T_22, $push;
    .scope S_0x55ff7593cd70;
T_23 ;
    %wait E_0x55ff7593d190;
    %load/vec4 v0x55ff7593da40_0;
    %flag_set/vec4 8;
    %jmp/0xz  T_23.0, 8;
    %load/vec4 v0x55ff7593d370_0;
    %load/vec4 v0x55ff7593d960_0;
    %pad/u 4;
    %ix/vec4 3;
    %ix/load 4, 0, 0; Constant delay
    %assign/vec4/a/d v0x55ff7593d540, 0, 4;
T_23.0 ;
    %jmp T_23;
    .thread T_23;
    .scope S_0x55ff7593ca00;
T_24 ;
    %wait E_0x55ff75926e00;
    %pushi/vec4 0, 0, 1;
    %store/vec4 v0x55ff7593e3e0_0, 0, 1;
    %pushi/vec4 0, 0, 1;
    %store/vec4 v0x55ff7593e560_0, 0, 1;
    %pushi/vec4 0, 0, 1;
    %store/vec4 v0x55ff7593de80_0, 0, 1;
    %pushi/vec4 0, 0, 1;
    %store/vec4 v0x55ff7593dde0_0, 0, 1;
    %pushi/vec4 0, 0, 1;
    %store/vec4 v0x55ff7593e320_0, 0, 1;
    %pushi/vec4 0, 0, 1;
    %store/vec4 v0x55ff7593e4a0_0, 0, 1;
    %pushi/vec4 0, 0, 1;
    %store/vec4 v0x55ff7593e620_0, 0, 1;
    %load/vec4 v0x55ff7593ea60_0;
    %inv;
    %flag_set/vec4 8;
    %jmp/0xz  T_24.0, 8;
    %pushi/vec4 1, 0, 1;
    %store/vec4 v0x55ff7593e3e0_0, 0, 1;
    %pushi/vec4 0, 0, 1;
    %store/vec4 v0x55ff7593e560_0, 0, 1;
    %pushi/vec4 0, 0, 1;
    %store/vec4 v0x55ff7593de80_0, 0, 1;
    %pushi/vec4 0, 0, 1;
    %store/vec4 v0x55ff7593dde0_0, 0, 1;
    %pushi/vec4 0, 0, 1;
    %store/vec4 v0x55ff7593e620_0, 0, 1;
    %pushi/vec4 0, 0, 1;
    %store/vec4 v0x55ff7593e4a0_0, 0, 1;
    %jmp T_24.1;
T_24.0 ;
    %load/vec4 v0x55ff7593dfe0_0;
    %pad/u 32;
    %cmpi/e 0, 0, 32;
    %jmp/0xz  T_24.2, 4;
    %pushi/vec4 1, 0, 1;
    %store/vec4 v0x55ff7593e3e0_0, 0, 1;
    %pushi/vec4 0, 0, 1;
    %store/vec4 v0x55ff7593e620_0, 0, 1;
T_24.2 ;
    %load/vec4 v0x55ff7593dfe0_0;
    %pad/u 32;
    %cmpi/e 4, 0, 32;
    %jmp/0xz  T_24.4, 4;
    %pushi/vec4 1, 0, 1;
    %store/vec4 v0x55ff7593e560_0, 0, 1;
T_24.4 ;
    %load/vec4 v0x55ff7593dd00_0;
    %pad/u 6;
    %load/vec4 v0x55ff7593dfe0_0;
    %cmp/u;
    %flag_or 5, 4;
    %jmp/0xz  T_24.6, 5;
    %pushi/vec4 1, 0, 1;
    %store/vec4 v0x55ff7593de80_0, 0, 1;
    %pushi/vec4 1, 0, 1;
    %store/vec4 v0x55ff7593e620_0, 0, 1;
T_24.6 ;
    %load/vec4 v0x55ff7593dfe0_0;
    %load/vec4 v0x55ff7593dc00_0;
    %pad/u 6;
    %cmp/u;
    %flag_get/vec4 4;
    %flag_get/vec4 5;
    %or;
    %load/vec4 v0x55ff7593dfe0_0;
    %pad/u 32;
    %pushi/vec4 0, 0, 32;
    %cmp/ne;
    %flag_get/vec4 4;
    %and;
    %flag_set/vec4 8;
    %jmp/0xz  T_24.8, 8;
    %pushi/vec4 1, 0, 1;
    %store/vec4 v0x55ff7593dde0_0, 0, 1;
    %pushi/vec4 0, 0, 1;
    %store/vec4 v0x55ff7593e620_0, 0, 1;
T_24.8 ;
    %load/vec4 v0x55ff7593e7b0_0;
    %load/vec4 v0x55ff7593e560_0;
    %and;
    %flag_set/vec4 8;
    %jmp/0xz  T_24.10, 8;
    %pushi/vec4 1, 0, 1;
    %store/vec4 v0x55ff7593e4a0_0, 0, 1;
T_24.10 ;
    %load/vec4 v0x55ff7593e6e0_0;
    %load/vec4 v0x55ff7593e3e0_0;
    %and;
    %flag_set/vec4 8;
    %jmp/0xz  T_24.12, 8;
    %pushi/vec4 1, 0, 1;
    %store/vec4 v0x55ff7593e4a0_0, 0, 1;
T_24.12 ;
T_24.1 ;
    %jmp T_24;
    .thread T_24, $push;
    .scope S_0x55ff7593ca00;
T_25 ;
    %wait E_0x55ff7593d190;
    %load/vec4 v0x55ff7593ea60_0;
    %nor/r;
    %flag_set/vec4 8;
    %jmp/0xz  T_25.0, 8;
    %pushi/vec4 0, 0, 6;
    %assign/vec4 v0x55ff7593dfe0_0, 0;
    %pushi/vec4 0, 0, 6;
    %assign/vec4 v0x55ff7593e260_0, 0;
    %pushi/vec4 0, 0, 2;
    %assign/vec4 v0x55ff7593eb30_0, 0;
    %pushi/vec4 0, 0, 2;
    %assign/vec4 v0x55ff7593e880_0, 0;
    %pushi/vec4 0, 0, 1;
    %assign/vec4 v0x55ff7593e320_0, 0;
    %jmp T_25.1;
T_25.0 ;
    %load/vec4 v0x55ff7593e560_0;
    %nor/r;
    %load/vec4 v0x55ff7593e7b0_0;
    %and;
    %flag_set/vec4 8;
    %jmp/0xz  T_25.2, 8;
    %load/vec4 v0x55ff7593eb30_0;
    %addi 1, 0, 2;
    %assign/vec4 v0x55ff7593eb30_0, 0;
    %load/vec4 v0x55ff7593e3e0_0;
    %nor/r;
    %load/vec4 v0x55ff7593e6e0_0;
    %and;
    %flag_set/vec4 8;
    %jmp/0xz  T_25.4, 8;
    %load/vec4 v0x55ff7593e880_0;
    %addi 1, 0, 2;
    %assign/vec4 v0x55ff7593e880_0, 0;
    %load/vec4 v0x55ff7593dfe0_0;
    %assign/vec4 v0x55ff7593dfe0_0, 0;
    %jmp T_25.5;
T_25.4 ;
    %load/vec4 v0x55ff7593e880_0;
    %assign/vec4 v0x55ff7593e880_0, 0;
    %load/vec4 v0x55ff7593dfe0_0;
    %addi 1, 0, 6;
    %assign/vec4 v0x55ff7593dfe0_0, 0;
T_25.5 ;
    %jmp T_25.3;
T_25.2 ;
    %load/vec4 v0x55ff7593e3e0_0;
    %nor/r;
    %load/vec4 v0x55ff7593e6e0_0;
    %and;
    %flag_set/vec4 8;
    %jmp/0xz  T_25.6, 8;
    %load/vec4 v0x55ff7593e880_0;
    %addi 1, 0, 2;
    %assign/vec4 v0x55ff7593e880_0, 0;
    %load/vec4 v0x55ff7593eb30_0;
    %assign/vec4 v0x55ff7593eb30_0, 0;
    %load/vec4 v0x55ff7593dfe0_0;
    %subi 1, 0, 6;
    %assign/vec4 v0x55ff7593dfe0_0, 0;
    %load/vec4 v0x55ff7593e190_0;
    %assign/vec4 v0x55ff7593e260_0, 0;
    %jmp T_25.7;
T_25.6 ;
    %load/vec4 v0x55ff7593e880_0;
    %assign/vec4 v0x55ff7593e880_0, 0;
    %load/vec4 v0x55ff7593eb30_0;
    %assign/vec4 v0x55ff7593eb30_0, 0;
    %load/vec4 v0x55ff7593dfe0_0;
    %assign/vec4 v0x55ff7593dfe0_0, 0;
T_25.7 ;
T_25.3 ;
T_25.1 ;
    %jmp T_25;
    .thread T_25;
    .scope S_0x55ff7593f1e0;
T_26 ;
    %wait E_0x55ff7593f690;
    %load/vec4 v0x55ff7593fd40_0;
    %inv;
    %load/vec4 v0x55ff7593fc80_0;
    %and;
    %flag_set/vec4 8;
    %jmp/0 T_26.0, 8;
    %pushi/vec4 0, 0, 6;
    %jmp/1 T_26.1, 8;
T_26.0 ; End of true expr.
    %load/vec4 v0x55ff7593fb50_0;
    %pad/u 4;
    %ix/vec4 4;
    %load/vec4a v0x55ff7593f9e0, 4;
    %jmp/0 T_26.1, 8;
 ; End of false expr.
    %blend;
T_26.1;
    %store/vec4 v0x55ff7593f920_0, 0, 6;
    %jmp T_26;
    .thread T_26, $push;
    .scope S_0x55ff7593f1e0;
T_27 ;
    %wait E_0x55ff7593d190;
    %load/vec4 v0x55ff7593ff10_0;
    %flag_set/vec4 8;
    %jmp/0xz  T_27.0, 8;
    %load/vec4 v0x55ff7593f840_0;
    %load/vec4 v0x55ff7593fe30_0;
    %pad/u 4;
    %ix/vec4 3;
    %ix/load 4, 0, 0; Constant delay
    %assign/vec4/a/d v0x55ff7593f9e0, 0, 4;
T_27.0 ;
    %jmp T_27;
    .thread T_27;
    .scope S_0x55ff7593ed00;
T_28 ;
    %wait E_0x55ff7593f150;
    %pushi/vec4 0, 0, 1;
    %store/vec4 v0x55ff759408e0_0, 0, 1;
    %pushi/vec4 0, 0, 1;
    %store/vec4 v0x55ff75940a60_0, 0, 1;
    %pushi/vec4 0, 0, 1;
    %store/vec4 v0x55ff75940320_0, 0, 1;
    %pushi/vec4 0, 0, 1;
    %store/vec4 v0x55ff75940250_0, 0, 1;
    %pushi/vec4 0, 0, 1;
    %store/vec4 v0x55ff75940820_0, 0, 1;
    %pushi/vec4 0, 0, 1;
    %store/vec4 v0x55ff759409a0_0, 0, 1;
    %pushi/vec4 0, 0, 1;
    %store/vec4 v0x55ff75940b20_0, 0, 1;
    %load/vec4 v0x55ff75940f60_0;
    %inv;
    %flag_set/vec4 8;
    %jmp/0xz  T_28.0, 8;
    %pushi/vec4 1, 0, 1;
    %store/vec4 v0x55ff759408e0_0, 0, 1;
    %pushi/vec4 0, 0, 1;
    %store/vec4 v0x55ff75940a60_0, 0, 1;
    %pushi/vec4 0, 0, 1;
    %store/vec4 v0x55ff75940320_0, 0, 1;
    %pushi/vec4 0, 0, 1;
    %store/vec4 v0x55ff75940250_0, 0, 1;
    %pushi/vec4 0, 0, 1;
    %store/vec4 v0x55ff75940b20_0, 0, 1;
    %pushi/vec4 0, 0, 1;
    %store/vec4 v0x55ff759409a0_0, 0, 1;
    %jmp T_28.1;
T_28.0 ;
    %load/vec4 v0x55ff75940460_0;
    %pad/u 32;
    %cmpi/e 0, 0, 32;
    %jmp/0xz  T_28.2, 4;
    %pushi/vec4 1, 0, 1;
    %store/vec4 v0x55ff759408e0_0, 0, 1;
    %pushi/vec4 0, 0, 1;
    %store/vec4 v0x55ff75940b20_0, 0, 1;
T_28.2 ;
    %load/vec4 v0x55ff75940460_0;
    %pad/u 32;
    %cmpi/e 4, 0, 32;
    %jmp/0xz  T_28.4, 4;
    %pushi/vec4 1, 0, 1;
    %store/vec4 v0x55ff75940a60_0, 0, 1;
T_28.4 ;
    %load/vec4 v0x55ff759401b0_0;
    %pad/u 6;
    %load/vec4 v0x55ff75940460_0;
    %cmp/u;
    %flag_or 5, 4;
    %jmp/0xz  T_28.6, 5;
    %pushi/vec4 1, 0, 1;
    %store/vec4 v0x55ff75940320_0, 0, 1;
    %pushi/vec4 1, 0, 1;
    %store/vec4 v0x55ff75940b20_0, 0, 1;
T_28.6 ;
    %load/vec4 v0x55ff75940460_0;
    %load/vec4 v0x55ff759400d0_0;
    %pad/u 6;
    %cmp/u;
    %flag_get/vec4 4;
    %flag_get/vec4 5;
    %or;
    %load/vec4 v0x55ff75940460_0;
    %pad/u 32;
    %pushi/vec4 0, 0, 32;
    %cmp/ne;
    %flag_get/vec4 4;
    %and;
    %flag_set/vec4 8;
    %jmp/0xz  T_28.8, 8;
    %pushi/vec4 1, 0, 1;
    %store/vec4 v0x55ff75940250_0, 0, 1;
    %pushi/vec4 0, 0, 1;
    %store/vec4 v0x55ff75940b20_0, 0, 1;
T_28.8 ;
    %load/vec4 v0x55ff75940cb0_0;
    %load/vec4 v0x55ff75940a60_0;
    %and;
    %flag_set/vec4 8;
    %jmp/0xz  T_28.10, 8;
    %pushi/vec4 1, 0, 1;
    %store/vec4 v0x55ff759409a0_0, 0, 1;
T_28.10 ;
    %load/vec4 v0x55ff75940be0_0;
    %load/vec4 v0x55ff759408e0_0;
    %and;
    %flag_set/vec4 8;
    %jmp/0xz  T_28.12, 8;
    %pushi/vec4 1, 0, 1;
    %store/vec4 v0x55ff759409a0_0, 0, 1;
T_28.12 ;
T_28.1 ;
    %jmp T_28;
    .thread T_28, $push;
    .scope S_0x55ff7593ed00;
T_29 ;
    %wait E_0x55ff7593d190;
    %load/vec4 v0x55ff75940f60_0;
    %nor/r;
    %flag_set/vec4 8;
    %jmp/0xz  T_29.0, 8;
    %pushi/vec4 0, 0, 6;
    %assign/vec4 v0x55ff75940460_0, 0;
    %pushi/vec4 0, 0, 6;
    %assign/vec4 v0x55ff759406d0_0, 0;
    %pushi/vec4 0, 0, 2;
    %assign/vec4 v0x55ff75941000_0, 0;
    %pushi/vec4 0, 0, 2;
    %assign/vec4 v0x55ff75940d80_0, 0;
    %pushi/vec4 0, 0, 1;
    %assign/vec4 v0x55ff75940820_0, 0;
    %jmp T_29.1;
T_29.0 ;
    %load/vec4 v0x55ff75940a60_0;
    %nor/r;
    %load/vec4 v0x55ff75940cb0_0;
    %and;
    %flag_set/vec4 8;
    %jmp/0xz  T_29.2, 8;
    %load/vec4 v0x55ff75941000_0;
    %addi 1, 0, 2;
    %assign/vec4 v0x55ff75941000_0, 0;
    %load/vec4 v0x55ff759408e0_0;
    %nor/r;
    %load/vec4 v0x55ff75940be0_0;
    %and;
    %flag_set/vec4 8;
    %jmp/0xz  T_29.4, 8;
    %load/vec4 v0x55ff75940d80_0;
    %addi 1, 0, 2;
    %assign/vec4 v0x55ff75940d80_0, 0;
    %load/vec4 v0x55ff75940460_0;
    %assign/vec4 v0x55ff75940460_0, 0;
    %jmp T_29.5;
T_29.4 ;
    %load/vec4 v0x55ff75940d80_0;
    %assign/vec4 v0x55ff75940d80_0, 0;
    %load/vec4 v0x55ff75940460_0;
    %addi 1, 0, 6;
    %assign/vec4 v0x55ff75940460_0, 0;
T_29.5 ;
    %jmp T_29.3;
T_29.2 ;
    %load/vec4 v0x55ff759408e0_0;
    %nor/r;
    %load/vec4 v0x55ff75940be0_0;
    %and;
    %flag_set/vec4 8;
    %jmp/0xz  T_29.6, 8;
    %load/vec4 v0x55ff75940d80_0;
    %addi 1, 0, 2;
    %assign/vec4 v0x55ff75940d80_0, 0;
    %load/vec4 v0x55ff75941000_0;
    %assign/vec4 v0x55ff75941000_0, 0;
    %load/vec4 v0x55ff75940460_0;
    %subi 1, 0, 6;
    %assign/vec4 v0x55ff75940460_0, 0;
    %load/vec4 v0x55ff75940600_0;
    %assign/vec4 v0x55ff759406d0_0, 0;
    %jmp T_29.7;
T_29.6 ;
    %load/vec4 v0x55ff75940d80_0;
    %assign/vec4 v0x55ff75940d80_0, 0;
    %load/vec4 v0x55ff75941000_0;
    %assign/vec4 v0x55ff75941000_0, 0;
    %load/vec4 v0x55ff75940460_0;
    %assign/vec4 v0x55ff75940460_0, 0;
T_29.7 ;
T_29.3 ;
T_29.1 ;
    %jmp T_29;
    .thread T_29;
    .scope S_0x55ff7593c500;
T_30 ;
    %wait E_0x55ff759269a0;
    %pushi/vec4 0, 0, 5;
    %store/vec4 v0x55ff7594dc00_0, 0, 5;
    %pushi/vec4 0, 0, 5;
    %store/vec4 v0x55ff7594dce0_0, 0, 5;
    %load/vec4 v0x55ff75950c10_0;
    %inv;
    %flag_set/vec4 8;
    %jmp/0xz  T_30.0, 8;
    %pushi/vec4 0, 0, 5;
    %store/vec4 v0x55ff7594dc00_0, 0, 5;
    %jmp T_30.1;
T_30.0 ;
    %load/vec4 v0x55ff7594f470_0;
    %ix/load 4, 0, 0;
    %flag_set/imm 4, 0;
    %store/vec4 v0x55ff7594dc00_0, 4, 1;
    %load/vec4 v0x55ff7594f560_0;
    %ix/load 4, 1, 0;
    %flag_set/imm 4, 0;
    %store/vec4 v0x55ff7594dc00_0, 4, 1;
    %load/vec4 v0x55ff7594f650_0;
    %ix/load 4, 2, 0;
    %flag_set/imm 4, 0;
    %store/vec4 v0x55ff7594dc00_0, 4, 1;
    %load/vec4 v0x55ff7594f2d0_0;
    %ix/load 4, 3, 0;
    %flag_set/imm 4, 0;
    %store/vec4 v0x55ff7594dc00_0, 4, 1;
    %load/vec4 v0x55ff7594f3a0_0;
    %ix/load 4, 4, 0;
    %flag_set/imm 4, 0;
    %store/vec4 v0x55ff7594dc00_0, 4, 1;
    %load/vec4 v0x55ff7594fa90_0;
    %ix/load 4, 0, 0;
    %flag_set/imm 4, 0;
    %store/vec4 v0x55ff7594dce0_0, 4, 1;
    %load/vec4 v0x55ff7594fb80_0;
    %ix/load 4, 1, 0;
    %flag_set/imm 4, 0;
    %store/vec4 v0x55ff7594dce0_0, 4, 1;
    %load/vec4 v0x55ff7594fc20_0;
    %ix/load 4, 2, 0;
    %flag_set/imm 4, 0;
    %store/vec4 v0x55ff7594dce0_0, 4, 1;
    %load/vec4 v0x55ff7594f950_0;
    %ix/load 4, 3, 0;
    %flag_set/imm 4, 0;
    %store/vec4 v0x55ff7594dce0_0, 4, 1;
    %load/vec4 v0x55ff7594f9f0_0;
    %ix/load 4, 4, 0;
    %flag_set/imm 4, 0;
    %store/vec4 v0x55ff7594dce0_0, 4, 1;
T_30.1 ;
    %jmp T_30;
    .thread T_30, $push;
    .scope S_0x55ff75951080;
T_31 ;
    %vpi_call 17 45 "$dumpfile", "arqui.vcd" {0 0 0};
    %vpi_call 17 46 "$dumpvars" {0 0 0};
    %pushi/vec4 1, 0, 2;
    %assign/vec4 v0x55ff75951680_0, 0;
    %pushi/vec4 1, 0, 2;
    %assign/vec4 v0x55ff75951570_0, 0;
    %pushi/vec4 2, 0, 4;
    %assign/vec4 v0x55ff75951770_0, 0;
    %pushi/vec4 3, 0, 2;
    %assign/vec4 v0x55ff759519e0_0, 0;
    %pushi/vec4 3, 0, 2;
    %assign/vec4 v0x55ff75951880_0, 0;
    %pushi/vec4 14, 0, 4;
    %assign/vec4 v0x55ff75951af0_0, 0;
    %pushi/vec4 0, 0, 1;
    %assign/vec4 v0x55ff759526d0_0, 0;
    %pushi/vec4 0, 0, 1;
    %assign/vec4 v0x55ff75952400_0, 0;
    %pushi/vec4 44, 0, 6;
    %assign/vec4 v0x55ff75951ca0_0, 0;
    %pushi/vec4 0, 0, 1;
    %assign/vec4 v0x55ff75952630_0, 0;
    %pushi/vec4 0, 0, 1;
    %assign/vec4 v0x55ff759524f0_0, 0;
    %pushi/vec4 0, 0, 1;
    %assign/vec4 v0x55ff75952590_0, 0;
    %wait E_0x55ff7593d190;
    %pushi/vec4 1, 0, 1;
    %assign/vec4 v0x55ff759526d0_0, 0;
    %pushi/vec4 2, 0, 32;
T_31.0 %dup/vec4;
    %pushi/vec4 0, 0, 32;
    %cmp/s;
    %jmp/1xz T_31.1, 5;
    %jmp/1 T_31.1, 4;
    %pushi/vec4 1, 0, 32;
    %sub;
    %wait E_0x55ff7593d190;
    %jmp T_31.0;
T_31.1 ;
    %pop/vec4 1;
    %pushi/vec4 4, 0, 32;
T_31.2 %dup/vec4;
    %pushi/vec4 0, 0, 32;
    %cmp/s;
    %jmp/1xz T_31.3, 5;
    %jmp/1 T_31.3, 4;
    %pushi/vec4 1, 0, 32;
    %sub;
    %wait E_0x55ff7593d190;
    %pushi/vec4 1, 0, 1;
    %assign/vec4 v0x55ff759526d0_0, 0;
    %load/vec4 v0x55ff75952220_0;
    %nor/r;
    %flag_set/vec4 8;
    %jmp/0xz  T_31.4, 8;
    %load/vec4 v0x55ff75951ca0_0;
    %addi 1, 0, 6;
    %assign/vec4 v0x55ff75951ca0_0, 0;
    %pushi/vec4 1, 0, 1;
    %assign/vec4 v0x55ff75952630_0, 0;
    %jmp T_31.5;
T_31.4 ;
    %pushi/vec4 0, 0, 1;
    %assign/vec4 v0x55ff75952630_0, 0;
T_31.5 ;
    %jmp T_31.2;
T_31.3 ;
    %pop/vec4 1;
    %wait E_0x55ff7593d190;
    %pushi/vec4 12, 0, 6;
    %assign/vec4 v0x55ff75951ca0_0, 0;
    %pushi/vec4 0, 0, 1;
    %assign/vec4 v0x55ff75952630_0, 0;
    %wait E_0x55ff7593d190;
    %pushi/vec4 2, 0, 6;
    %assign/vec4 v0x55ff75951ca0_0, 0;
    %pushi/vec4 0, 0, 1;
    %assign/vec4 v0x55ff75952630_0, 0;
    %pushi/vec4 16, 0, 32;
T_31.6 %dup/vec4;
    %pushi/vec4 0, 0, 32;
    %cmp/s;
    %jmp/1xz T_31.7, 5;
    %jmp/1 T_31.7, 4;
    %pushi/vec4 1, 0, 32;
    %sub;
    %wait E_0x55ff7593d190;
    %pushi/vec4 1, 0, 1;
    %assign/vec4 v0x55ff759526d0_0, 0;
    %load/vec4 v0x55ff75952220_0;
    %nor/r;
    %flag_set/vec4 8;
    %jmp/0xz  T_31.8, 8;
    %load/vec4 v0x55ff75951ca0_0;
    %addi 1, 0, 6;
    %assign/vec4 v0x55ff75951ca0_0, 0;
    %pushi/vec4 1, 0, 1;
    %assign/vec4 v0x55ff75952630_0, 0;
    %jmp T_31.9;
T_31.8 ;
    %pushi/vec4 0, 0, 1;
    %assign/vec4 v0x55ff75952630_0, 0;
T_31.9 ;
    %jmp T_31.6;
T_31.7 ;
    %pop/vec4 1;
    %vpi_call 17 127 "$finish" {0 0 0};
    %end;
    .thread T_31;
    .scope S_0x55ff75951080;
T_32 ;
    %pushi/vec4 0, 0, 1;
    %assign/vec4 v0x55ff75951c00_0, 0;
    %end;
    .thread T_32;
    .scope S_0x55ff75951080;
T_33 ;
    %delay 2000, 0;
    %load/vec4 v0x55ff75951c00_0;
    %inv;
    %assign/vec4 v0x55ff75951c00_0, 0;
    %jmp T_33;
    .thread T_33;
# The file index is used to find the file name in the following table.
:file_names 18;
    "N/A";
    "<interactive>";
    "././CMOS/cmos_cells.v";
    "bancoEv.v";
    "./arqui.v";
    "./fifo_d0.v";
    "./RAM_memory.v";
    "./fifo_d1.v";
    "./demux_d.v";
    "./demux_vc.v";
    "./fsm.v";
    "./input_flow.v";
    "./fifo_main.v";
    "./mux.v";
    "./output_flow.v";
    "./fifo_vc0.v";
    "./fifo_vc1.v";
    "./probadorEV.v";
